Command line:
   TB_Sign_Extender_isim_beh.exe
     -simmode  gui
     -simrunnum  0
     -socket  56532

Mon Oct 16 17:59:13 2017


 Elaboration Time: 0.046875 sec

 Current Memory Usage: 850.244 Meg

 Total Signals          : 33
 Total Nets             : 126
 Total Signal Drivers   : 11
 Total Blocks           : 8
 Total Primitive Blocks : 6
 Total Processes        : 9
 Total Traceable Variables  : 18
 Total Scalar Nets and Variables : 614
Total Line Count : 56

 Total Simulation Time: 0.59375 sec

 Current Memory Usage: 692.695 Meg

Mon Oct 16 18:01:35 2017

