Command line:
   TB_Sign_Extender_Byte_isim_beh.exe
     -simmode  gui
     -simrunnum  0
     -socket  64970

Mon Jun 18 10:09:32 2018


 Elaboration Time: 0.125 sec

 Current Memory Usage: 849.457 Meg

 Total Signals          : 14
 Total Nets             : 122
 Total Signal Drivers   : 29
 Total Blocks           : 29
 Total Primitive Blocks : 27
 Total Processes        : 27
 Total Traceable Variables  : 40
 Total Scalar Nets and Variables : 632
Total Line Count : 31
Total Line Count : 31
Total Line Count : 31

 Total Simulation Time: 0.40625 sec

 Current Memory Usage: 1164.55 Meg

Mon Jun 18 10:10:13 2018

