Command line:
   TB_Logic_Unit_isim_beh.exe
     -simmode  gui
     -simrunnum  0
     -socket  53357

Tue Apr 24 12:25:37 2018


 Elaboration Time: 0.078125 sec

 Current Memory Usage: 1039.58 Meg

 Total Signals          : 16
 Total Nets             : 354
 Total Signal Drivers   : 291
 Total Blocks           : 35
 Total Primitive Blocks : 33
 Total Processes        : 289
 Total Traceable Variables  : 45
 Total Scalar Nets and Variables : 754
Total Line Count : 326
Total Line Count : 326

 Total Simulation Time: 0.546875 sec

 Current Memory Usage: 1354.68 Meg

Tue Apr 24 12:26:29 2018

