Command line:
   TB_Multiplier_isim_beh.exe
     -simmode  gui
     -simrunnum  0
     -socket  56197

Mon May 07 11:36:01 2018


 Elaboration Time: 0.09375 sec

 Current Memory Usage: 1042.63 Meg

 Total Signals          : 9
 Total Nets             : 193
 Total Signal Drivers   : 4
 Total Blocks           : 4
 Total Primitive Blocks : 3
 Total Processes        : 2
 Total Traceable Variables  : 15
 Total Scalar Nets and Variables : 678
Total Line Count : 66

 Total Simulation Time: 0.109375 sec

 Current Memory Usage: 885.08 Meg

Mon May 07 11:37:08 2018

