Command line:
   TB_DLX_PM_isim_translate.exe
     -simmode  gui
     -simrunnum  0
     -socket  51357

Mon Jul 02 11:58:07 2018


 Elaboration Time: 0.078125 sec

 Current Memory Usage: 849.129 Meg

 Total Signals          : 4
 Total Nets             : 4
 Total Signal Drivers   : 3
 Total Blocks           : 2
 Total Primitive Blocks : 2
 Total Processes        : 2
 Total Traceable Variables  : 9
 Total Scalar Nets and Variables : 365
Total Line Count : 8

 Total Simulation Time: 0.125 sec

 Current Memory Usage: 849.129 Meg

Mon Jul 02 11:58:25 2018

