Release 14.7 - xst P.20131013 (nt)
Copyright (c) 1995-2013 Xilinx, Inc.  All rights reserved.
--> Parameter TMPDIR set to xst/projnav.tmp


Total REAL time to Xst completion: 0.00 secs
Total CPU time to Xst completion: 0.19 secs
 
--> Parameter xsthdpdir set to xst


Total REAL time to Xst completion: 0.00 secs
Total CPU time to Xst completion: 0.19 secs
 
--> Reading design: NCarrySelectAdder.prj

TABLE OF CONTENTS
  1) Synthesis Options Summary
  2) HDL Parsing
  3) HDL Elaboration
  4) HDL Synthesis
       4.1) HDL Synthesis Report
  5) Advanced HDL Synthesis
       5.1) Advanced HDL Synthesis Report
  6) Low Level Synthesis
  7) Partition Report
  8) Design Summary
       8.1) Primitive and Black Box Usage
       8.2) Device utilization summary
       8.3) Partition Resource Summary
       8.4) Timing Report
            8.4.1) Clock Information
            8.4.2) Asynchronous Control Signals Information
            8.4.3) Timing Summary
            8.4.4) Timing Details
            8.4.5) Cross Clock Domains Report


=========================================================================
*                      Synthesis Options Summary                        *
=========================================================================
---- Source Parameters
Input File Name                    : "NCarrySelectAdder.prj"
Ignore Synthesis Constraint File   : NO

---- Target Parameters
Output File Name                   : "NCarrySelectAdder"
Output Format                      : NGC
Target Device                      : xc7a100t-3-csg324

---- Source Options
Top Module Name                    : NCarrySelectAdder
Automatic FSM Extraction           : YES
FSM Encoding Algorithm             : Auto
Safe Implementation                : No
FSM Style                          : LUT
RAM Extraction                     : Yes
RAM Style                          : Auto
ROM Extraction                     : Yes
Shift Register Extraction          : YES
ROM Style                          : Auto
Resource Sharing                   : YES
Asynchronous To Synchronous        : NO
Shift Register Minimum Size        : 2
Use DSP Block                      : Auto
Automatic Register Balancing       : No

---- Target Options
LUT Combining                      : Auto
Reduce Control Sets                : Auto
Add IO Buffers                     : YES
Global Maximum Fanout              : 100000
Add Generic Clock Buffer(BUFG)     : 32
Register Duplication               : YES
Optimize Instantiated Primitives   : NO
Use Clock Enable                   : Auto
Use Synchronous Set                : Auto
Use Synchronous Reset              : Auto
Pack IO Registers into IOBs        : Auto
Equivalent register Removal        : YES

---- General Options
Optimization Goal                  : Speed
Optimization Effort                : 1
Power Reduction                    : NO
Keep Hierarchy                     : No
Netlist Hierarchy                  : As_Optimized
RTL Output                         : Yes
Global Optimization                : AllClockNets
Read Cores                         : YES
Write Timing Constraints           : NO
Cross Clock Analysis               : NO
Hierarchy Separator                : /
Bus Delimiter                      : <>
Case Specifier                     : Maintain
Slice Utilization Ratio            : 100
BRAM Utilization Ratio             : 100
DSP48 Utilization Ratio            : 100
Auto BRAM Packing                  : NO
Slice Utilization Ratio Delta      : 5

=========================================================================


=========================================================================
*                          HDL Parsing                                  *
=========================================================================
Parsing VHDL file "C:\Users\UTENTE\Desktop\Politecnico di Torino\Laurea Magistrale\I Anno\Microelectronic Systems\DLX\MyDLX\Adders\CarrySelectAdder_v2\PG_cell.vhd" into library work
Parsing entity <PG_cell>.
Parsing architecture <Behavioral> of entity <pg_cell>.
Parsing VHDL file "C:\Users\UTENTE\Desktop\Politecnico di Torino\Laurea Magistrale\I Anno\Microelectronic Systems\DLX\MyDLX\Adders\CarrySelectAdder_v2\PG_network.vhd" into library work
Parsing entity <PG_network>.
Parsing architecture <Behavioral> of entity <pg_network>.
Parsing VHDL file "C:\Users\UTENTE\Desktop\Politecnico di Torino\Laurea Magistrale\I Anno\Microelectronic Systems\DLX\MyDLX\Adders\CarrySelectAdder_v2\Mux_NBit_2x1.vhd" into library work
Parsing entity <Mux_NBit_2x1>.
Parsing architecture <Behavioral> of entity <mux_nbit_2x1>.
Parsing VHDL file "C:\Users\UTENTE\Desktop\Politecnico di Torino\Laurea Magistrale\I Anno\Microelectronic Systems\DLX\MyDLX\Adders\CarrySelectAdder_v2\Mux_1Bit_2X1.vhd" into library work
Parsing entity <Mux_1Bit_2X1>.
Parsing architecture <Behavioral> of entity <mux_1bit_2x1>.
Parsing VHDL file "C:\Users\UTENTE\Desktop\Politecnico di Torino\Laurea Magistrale\I Anno\Microelectronic Systems\DLX\MyDLX\Adders\CarrySelectAdder_v2\CarryLookahead_Flat.vhd" into library work
Parsing entity <CarryLookahead_Flat>.
Parsing architecture <Behavioral> of entity <carrylookahead_flat>.
Parsing VHDL file "C:\Users\UTENTE\Desktop\Politecnico di Torino\Laurea Magistrale\I Anno\Microelectronic Systems\DLX\MyDLX\Adders\CarrySelectAdder_v2\CarrySelectAdder.vhd" into library work
Parsing entity <CarrySelectAdder>.
Parsing architecture <Structural> of entity <carryselectadder>.
Parsing VHDL file "C:\Users\UTENTE\Desktop\Politecnico di Torino\Laurea Magistrale\I Anno\Microelectronic Systems\DLX\MyDLX\Adders\CarrySelectAdder_v2\NCarrySelectAdder.vhd" into library work
Parsing entity <NCarrySelectAdder>.
Parsing architecture <Behavioral> of entity <ncarryselectadder>.

=========================================================================
*                            HDL Elaboration                            *
=========================================================================

Elaborating entity <NCarrySelectAdder> (architecture <Behavioral>) with generics from library <work>.

Elaborating entity <CarrySelectAdder> (architecture <Structural>) with generics from library <work>.

Elaborating entity <CarryLookahead_Flat> (architecture <Behavioral>) from library <work>.

Elaborating entity <PG_network> (architecture <Behavioral>) with generics from library <work>.

Elaborating entity <PG_cell> (architecture <Behavioral>) from library <work>.

Elaborating entity <Mux_1Bit_2X1> (architecture <Behavioral>) from library <work>.

Elaborating entity <Mux_NBit_2x1> (architecture <Behavioral>) with generics from library <work>.

=========================================================================
*                           HDL Synthesis                               *
=========================================================================

Synthesizing Unit <NCarrySelectAdder>.
    Related source file is "C:\Users\UTENTE\Desktop\Politecnico di Torino\Laurea Magistrale\I Anno\Microelectronic Systems\DLX\MyDLX\Adders\CarrySelectAdder_v2\NCarrySelectAdder.vhd".
        N = 32
    Summary:
	no macro.
Unit <NCarrySelectAdder> synthesized.

Synthesizing Unit <CarrySelectAdder>.
    Related source file is "C:\Users\UTENTE\Desktop\Politecnico di Torino\Laurea Magistrale\I Anno\Microelectronic Systems\DLX\MyDLX\Adders\CarrySelectAdder_v2\CarrySelectAdder.vhd".
        N = 4
    Summary:
	no macro.
Unit <CarrySelectAdder> synthesized.

Synthesizing Unit <CarryLookahead_Flat>.
    Related source file is "C:\Users\UTENTE\Desktop\Politecnico di Torino\Laurea Magistrale\I Anno\Microelectronic Systems\DLX\MyDLX\Adders\CarrySelectAdder_v2\CarryLookahead_Flat.vhd".
    Summary:
Unit <CarryLookahead_Flat> synthesized.

Synthesizing Unit <PG_network>.
    Related source file is "C:\Users\UTENTE\Desktop\Politecnico di Torino\Laurea Magistrale\I Anno\Microelectronic Systems\DLX\MyDLX\Adders\CarrySelectAdder_v2\PG_network.vhd".
        N = 4
WARNING:Xst:647 - Input <c_in> is never used. This port will be preserved and left unconnected if it belongs to a top-level block or it belongs to a sub-block and the hierarchy of this sub-block is preserved.
    Summary:
	no macro.
Unit <PG_network> synthesized.

Synthesizing Unit <PG_cell>.
    Related source file is "C:\Users\UTENTE\Desktop\Politecnico di Torino\Laurea Magistrale\I Anno\Microelectronic Systems\DLX\MyDLX\Adders\CarrySelectAdder_v2\PG_cell.vhd".
    Summary:
Unit <PG_cell> synthesized.

Synthesizing Unit <Mux_1Bit_2X1>.
    Related source file is "C:\Users\UTENTE\Desktop\Politecnico di Torino\Laurea Magistrale\I Anno\Microelectronic Systems\DLX\MyDLX\Adders\CarrySelectAdder_v2\Mux_1Bit_2X1.vhd".
    Summary:
	inferred   1 Multiplexer(s).
Unit <Mux_1Bit_2X1> synthesized.

Synthesizing Unit <Mux_NBit_2x1>.
    Related source file is "C:\Users\UTENTE\Desktop\Politecnico di Torino\Laurea Magistrale\I Anno\Microelectronic Systems\DLX\MyDLX\Adders\CarrySelectAdder_v2\Mux_NBit_2x1.vhd".
        NBIT_IN = 4
    Summary:
	inferred   1 Multiplexer(s).
Unit <Mux_NBit_2x1> synthesized.

=========================================================================
HDL Synthesis Report

Macro Statistics
# Multiplexers                                         : 16
 1-bit 2-to-1 multiplexer                              : 8
 4-bit 2-to-1 multiplexer                              : 8
# Xors                                                 : 128
 1-bit xor2                                            : 128

=========================================================================

=========================================================================
*                       Advanced HDL Synthesis                          *
=========================================================================


=========================================================================
Advanced HDL Synthesis Report

Macro Statistics
# Multiplexers                                         : 8
 4-bit 2-to-1 multiplexer                              : 8
# Xors                                                 : 128
 1-bit xor2                                            : 128

=========================================================================

=========================================================================
*                         Low Level Synthesis                           *
=========================================================================

Optimizing unit <NCarrySelectAdder> ...

Mapping all equations...
Building and optimizing final netlist ...
Found area constraint ratio of 100 (+ 5) on block NCarrySelectAdder, actual ratio is 0.

Final Macro Processing ...

=========================================================================
Final Register Report

Found no macro
=========================================================================

=========================================================================
*                           Partition Report                            *
=========================================================================

Partition Implementation Status
-------------------------------

  No Partitions were found in this design.

-------------------------------

=========================================================================
*                            Design Summary                             *
=========================================================================

Top Level Output File Name         : NCarrySelectAdder.ngc

Primitive and Black Box Usage:
------------------------------
# BELS                             : 56
#      LUT2                        : 1
#      LUT3                        : 20
#      LUT4                        : 2
#      LUT5                        : 29
#      LUT6                        : 3
#      MUXF7                       : 1
# IO Buffers                       : 98
#      IBUF                        : 65
#      OBUF                        : 33

Device utilization summary:
---------------------------

Selected Device : 7a100tcsg324-3 


Slice Logic Utilization: 
 Number of Slice LUTs:                   55  out of  63400     0%  
    Number used as Logic:                55  out of  63400     0%  

Slice Logic Distribution: 
 Number of LUT Flip Flop pairs used:     55
   Number with an unused Flip Flop:      55  out of     55   100%  
   Number with an unused LUT:             0  out of     55     0%  
   Number of fully used LUT-FF pairs:     0  out of     55     0%  
   Number of unique control sets:         0

IO Utilization: 
 Number of IOs:                          98
 Number of bonded IOBs:                  98  out of    210    46%  

Specific Feature Utilization:

---------------------------
Partition Resource Summary:
---------------------------

  No Partitions were found in this design.

---------------------------


=========================================================================
Timing Report

NOTE: THESE TIMING NUMBERS ARE ONLY A SYNTHESIS ESTIMATE.
      FOR ACCURATE TIMING INFORMATION PLEASE REFER TO THE TRACE REPORT
      GENERATED AFTER PLACE-and-ROUTE.

Clock Information:
------------------
No clock signals found in this design

Asynchronous Control Signals Information:
----------------------------------------
No asynchronous control signals found in this design

Timing Summary:
---------------
Speed Grade: -3

   Minimum period: No path found
   Minimum input arrival time before clock: No path found
   Maximum output required time after clock: No path found
   Maximum combinational path delay: 9.348ns

Timing Details:
---------------
All values displayed in nanoseconds (ns)

=========================================================================
Timing constraint: Default path analysis
  Total number of paths / destination ports: 1485 / 33
-------------------------------------------------------------------------
Delay:               9.348ns (Levels of Logic = 20)
  Source:            A<0> (PAD)
  Destination:       Sum<31> (PAD)

  Data Path: A<0> to Sum<31>
                                Gate     Net
    Cell:in->out      fanout   Delay   Delay  Logical Name (Net Name)
    ----------------------------------------  ------------
     IBUF:I->O             4   0.001   0.525  A_0_IBUF (A_0_IBUF)
     LUT3:I0->O            2   0.097   0.698  cyc[0].if0.CSA0/MUXC/Mmux_portY121 (cyc[0].if0.CSA0/MUXC/Mmux_portY12)
     LUT6:I0->O            1   0.097   0.000  cyc[0].if0.CSA0/MUXC/Mmux_portY1_G (N11)
     MUXF7:I1->O           4   0.279   0.393  cyc[0].if0.CSA0/MUXC/Mmux_portY1 (s_carry<0>)
     LUT3:I1->O            2   0.097   0.561  cyc[1].ifi.CSAi/MUXC/Mmux_portY111 (cyc[1].ifi.CSAi/MUXC/Mmux_portY11)
     LUT5:I1->O            3   0.097   0.389  cyc[1].ifi.CSAi/MUXC/Mmux_portY1 (s_carry<1>)
     LUT3:I1->O            2   0.097   0.384  cyc[2].ifi.CSAi/MUXS/Mmux_portY411 (cyc[2].ifi.CSAi/MUXS/Mmux_portY41)
     LUT5:I3->O            3   0.097   0.389  cyc[2].ifi.CSAi/MUXS/Mmux_portY211 (cyc[2].ifi.CSAi/MUXS/Mmux_portY21)
     LUT5:I3->O            3   0.097   0.389  cyc[3].ifi.CSAi/MUXS/Mmux_portY211 (cyc[3].ifi.CSAi/MUXS/Mmux_portY21)
     LUT5:I3->O            3   0.097   0.389  cyc[3].ifi.CSAi/MUXS/Mmux_portY411 (cyc[3].ifi.CSAi/MUXS/Mmux_portY41)
     LUT5:I3->O            3   0.097   0.389  cyc[4].ifi.CSAi/MUXS/Mmux_portY211 (cyc[4].ifi.CSAi/MUXS/Mmux_portY21)
     LUT5:I3->O            3   0.097   0.389  cyc[4].ifi.CSAi/MUXS/Mmux_portY411 (cyc[4].ifi.CSAi/MUXS/Mmux_portY41)
     LUT5:I3->O            3   0.097   0.389  cyc[5].ifi.CSAi/MUXS/Mmux_portY211 (cyc[5].ifi.CSAi/MUXS/Mmux_portY21)
     LUT5:I3->O            3   0.097   0.389  cyc[5].ifi.CSAi/MUXS/Mmux_portY411 (cyc[5].ifi.CSAi/MUXS/Mmux_portY41)
     LUT5:I3->O            3   0.097   0.389  cyc[6].ifi.CSAi/MUXS/Mmux_portY211 (cyc[6].ifi.CSAi/MUXS/Mmux_portY21)
     LUT5:I3->O            3   0.097   0.389  cyc[6].ifi.CSAi/MUXS/Mmux_portY411 (cyc[6].ifi.CSAi/MUXS/Mmux_portY41)
     LUT5:I3->O            3   0.097   0.389  cyc[7].ifK.CSAi/MUXS/Mmux_portY211 (cyc[7].ifK.CSAi/MUXS/Mmux_portY21)
     LUT5:I3->O            2   0.097   0.299  cyc[7].ifK.CSAi/MUXS/Mmux_portY411 (cyc[7].ifK.CSAi/MUXS/Mmux_portY41)
     LUT3:I2->O            1   0.097   0.279  cyc[7].ifK.CSAi/MUXC/Mmux_portY11 (Cout_OBUF)
     OBUF:I->O                 0.000          Cout_OBUF (Cout)
    ----------------------------------------
    Total                      9.348ns (1.929ns logic, 7.419ns route)
                                       (20.6% logic, 79.4% route)

=========================================================================

Cross Clock Domains Report:
--------------------------

=========================================================================


Total REAL time to Xst completion: 10.00 secs
Total CPU time to Xst completion: 10.40 secs
 
--> 

Total memory usage is 369032 kilobytes

Number of errors   :    0 (   0 filtered)
Number of warnings :    1 (   0 filtered)
Number of infos    :    0 (   0 filtered)

