Command line:
   TB_Memory_plus_DRAM_isim_beh.exe
     -simmode  gui
     -simrunnum  0
     -socket  64076

Tue May 22 12:03:52 2018


 Elaboration Time: 0.140625 sec

 Current Memory Usage: 1053.38 Meg

 Total Signals          : 60
 Total Nets             : 32958
 Total Signal Drivers   : 16
 Total Blocks           : 8
 Total Primitive Blocks : 5
 Total Processes        : 12
 Total Traceable Variables  : 24
 Total Scalar Nets and Variables : 33452
Total Line Count : 46
Total Line Count : 46
Total Line Count : 46
Total Line Count : 46

 Total Simulation Time: 2.14063 sec

 Current Memory Usage: 1054.43 Meg

Tue May 22 12:10:22 2018

