Running: C:\Xilinx\14.7\ISE_DS\ISE\bin\nt\unwrapped\fuse.exe -intstyle ise -incremental -lib secureip -o C:/Users/UTENTE/Desktop/Politecnico di Torino/Laurea Magistrale/I Anno/Microelectronic Systems/DLX/MyDLX/LogicUnits/TB_Logic_Unit2_isim_beh.exe -prj C:/Users/UTENTE/Desktop/Politecnico di Torino/Laurea Magistrale/I Anno/Microelectronic Systems/DLX/MyDLX/LogicUnits/TB_Logic_Unit2_beh.prj work.TB_Logic_Unit2 
ISim P.20131013 (signature 0x8ef4fb42)
Number of CPUs detected in this system: 8
Turning on mult-threading, number of parallel sub-compilation jobs: 16 
Determining compilation order of HDL files
Parsing VHDL file "C:/Users/UTENTE/Desktop/Politecnico di Torino/Laurea Magistrale/I Anno/Microelectronic Systems/DLX/MyDLX/LogicUnits/Logic_Unit_v2.vhd" into library work
Parsing VHDL file "C:/Users/UTENTE/Desktop/Politecnico di Torino/Laurea Magistrale/I Anno/Microelectronic Systems/DLX/MyDLX/LogicUnits/TB_Logic_Unit2.vhd" into library work
Starting static elaboration
Completed static elaboration
Fuse Memory Usage: 196612 KB
Fuse CPU Usage: 265 ms
Compiling package standard
Compiling package std_logic_1164
Compiling architecture behavioral of entity Logic_Unit2 [\Logic_Unit2(32)\]
Compiling architecture behavior of entity tb_logic_unit2
Time Resolution for simulation is 1ps.
Compiled 5 VHDL Units
Built simulation executable C:/Users/UTENTE/Desktop/Politecnico di Torino/Laurea Magistrale/I Anno/Microelectronic Systems/DLX/MyDLX/LogicUnits/TB_Logic_Unit2_isim_beh.exe
Fuse Memory Usage: 208228 KB
Fuse CPU Usage: 436 ms
