Command line:
   TB_Forwording_ControlUnit_isim_beh.exe
     -simmode  gui
     -simrunnum  0
     -socket  49847

Tue Jun 05 09:34:07 2018


 Elaboration Time: 0.109375 sec

 Current Memory Usage: 849.678 Meg

 Total Signals          : 95
 Total Nets             : 114
 Total Signal Drivers   : 90
 Total Blocks           : 56
 Total Primitive Blocks : 46
 Total Processes        : 83
 Total Traceable Variables  : 53
 Total Scalar Nets and Variables : 637
Total Line Count : 124
Total Line Count : 124

 Total Simulation Time: 0.203125 sec

 Current Memory Usage: 849.678 Meg

Tue Jun 05 09:34:27 2018

