Command line:
   TB_BTB_isim_beh.exe
     -simmode  gui
     -simrunnum  0
     -socket  63685

Fri Jun 01 22:59:30 2018


 Elaboration Time: 0.21875 sec

 Current Memory Usage: 847.135 Meg

 Total Signals          : 680
 Total Nets             : 734
 Total Signal Drivers   : 344
 Total Blocks           : 389
 Total Primitive Blocks : 220
 Total Processes        : 326
 Total Traceable Variables  : 325
 Total Scalar Nets and Variables : 1529
Total Line Count : 759
Total Line Count : 759

 Total Simulation Time: 0.4375 sec

 Current Memory Usage: 1162.23 Meg

Fri Jun 01 23:00:01 2018

