Command line:
   Datapath_isim_beh.exe
     -simmode  gui
     -simrunnum  0
     -socket  63321

Fri Jun 29 13:11:21 2018


 Elaboration Time: 0.34375 sec

 Current Memory Usage: 877.793 Meg

 Total Signals          : 3116
 Total Nets             : 74777
 Total Signal Drivers   : 2504
 Total Blocks           : 3340
 Total Primitive Blocks : 2306
 Total Processes        : 2483
 Total Traceable Variables  : 2703
 Total Scalar Nets and Variables : 78571
Total Line Count : 2513

 Total Simulation Time: 0.4375 sec

 Current Memory Usage: 877.793 Meg

Fri Jun 29 13:11:28 2018

