Release 14.7 - xst P.20131013 (nt)
Copyright (c) 1995-2013 Xilinx, Inc.  All rights reserved.
--> Parameter TMPDIR set to xst/projnav.tmp


Total REAL time to Xst completion: 1.00 secs
Total CPU time to Xst completion: 0.16 secs
 
--> Parameter xsthdpdir set to xst


Total REAL time to Xst completion: 1.00 secs
Total CPU time to Xst completion: 0.16 secs
 
--> Reading design: Carry_Network.prj

TABLE OF CONTENTS
  1) Synthesis Options Summary
  2) HDL Parsing
  3) HDL Elaboration
  4) HDL Synthesis
       4.1) HDL Synthesis Report
  5) Advanced HDL Synthesis
       5.1) Advanced HDL Synthesis Report
  6) Low Level Synthesis
  7) Partition Report
  8) Design Summary
       8.1) Primitive and Black Box Usage
       8.2) Device utilization summary
       8.3) Partition Resource Summary
       8.4) Timing Report
            8.4.1) Clock Information
            8.4.2) Asynchronous Control Signals Information
            8.4.3) Timing Summary
            8.4.4) Timing Details
            8.4.5) Cross Clock Domains Report


=========================================================================
*                      Synthesis Options Summary                        *
=========================================================================
---- Source Parameters
Input File Name                    : "Carry_Network.prj"
Ignore Synthesis Constraint File   : NO

---- Target Parameters
Output File Name                   : "Carry_Network"
Output Format                      : NGC
Target Device                      : xc7a100t-3-csg324

---- Source Options
Top Module Name                    : Carry_Network
Automatic FSM Extraction           : YES
FSM Encoding Algorithm             : Auto
Safe Implementation                : No
FSM Style                          : LUT
RAM Extraction                     : Yes
RAM Style                          : Auto
ROM Extraction                     : Yes
Shift Register Extraction          : YES
ROM Style                          : Auto
Resource Sharing                   : YES
Asynchronous To Synchronous        : NO
Shift Register Minimum Size        : 2
Use DSP Block                      : Auto
Automatic Register Balancing       : No

---- Target Options
LUT Combining                      : Auto
Reduce Control Sets                : Auto
Add IO Buffers                     : YES
Global Maximum Fanout              : 100000
Add Generic Clock Buffer(BUFG)     : 32
Register Duplication               : YES
Optimize Instantiated Primitives   : NO
Use Clock Enable                   : Auto
Use Synchronous Set                : Auto
Use Synchronous Reset              : Auto
Pack IO Registers into IOBs        : Auto
Equivalent register Removal        : YES

---- General Options
Optimization Goal                  : Speed
Optimization Effort                : 1
Power Reduction                    : NO
Keep Hierarchy                     : No
Netlist Hierarchy                  : As_Optimized
RTL Output                         : Yes
Global Optimization                : AllClockNets
Read Cores                         : YES
Write Timing Constraints           : NO
Cross Clock Analysis               : NO
Hierarchy Separator                : /
Bus Delimiter                      : <>
Case Specifier                     : Maintain
Slice Utilization Ratio            : 100
BRAM Utilization Ratio             : 100
DSP48 Utilization Ratio            : 100
Auto BRAM Packing                  : NO
Slice Utilization Ratio Delta      : 5

=========================================================================


=========================================================================
*                          HDL Parsing                                  *
=========================================================================
Parsing VHDL file "C:\Users\UTENTE\Desktop\Politecnico di Torino\Laurea Magistrale\I Anno\Microelectronic Systems\DLX\MyDLX\Adders\PropagateCarryLookahead\Carry_Network.vhd" into library work
Parsing entity <Carry_Network>.
Parsing architecture <Behavioral> of entity <carry_network>.

=========================================================================
*                            HDL Elaboration                            *
=========================================================================

Elaborating entity <Carry_Network> (architecture <Behavioral>) with generics from library <work>.

=========================================================================
*                           HDL Synthesis                               *
=========================================================================

Synthesizing Unit <Carry_Network>.
    Related source file is "C:\Users\UTENTE\Desktop\Politecnico di Torino\Laurea Magistrale\I Anno\Microelectronic Systems\DLX\MyDLX\Adders\PropagateCarryLookahead\Carry_Network.vhd".
        N = 32
WARNING:Xst:647 - Input <G<31:31>> is never used. This port will be preserved and left unconnected if it belongs to a top-level block or it belongs to a sub-block and the hierarchy of this sub-block is preserved.
    Summary:
	no macro.
Unit <Carry_Network> synthesized.

=========================================================================
HDL Synthesis Report

Found no macro
=========================================================================

=========================================================================
*                       Advanced HDL Synthesis                          *
=========================================================================


=========================================================================
Advanced HDL Synthesis Report

Found no macro
=========================================================================

=========================================================================
*                         Low Level Synthesis                           *
=========================================================================

Optimizing unit <Carry_Network> ...

Mapping all equations...
Building and optimizing final netlist ...
Found area constraint ratio of 100 (+ 5) on block Carry_Network, actual ratio is 0.

Final Macro Processing ...

=========================================================================
Final Register Report

Found no macro
=========================================================================

=========================================================================
*                           Partition Report                            *
=========================================================================

Partition Implementation Status
-------------------------------

  No Partitions were found in this design.

-------------------------------

=========================================================================
*                            Design Summary                             *
=========================================================================

Top Level Output File Name         : Carry_Network.ngc

Primitive and Black Box Usage:
------------------------------
# BELS                             : 32
#      LUT3                        : 16
#      LUT4                        : 1
#      LUT5                        : 15
# IO Buffers                       : 129
#      IBUF                        : 64
#      OBUF                        : 65

Device utilization summary:
---------------------------

Selected Device : 7a100tcsg324-3 


Slice Logic Utilization: 
 Number of Slice LUTs:                   32  out of  63400     0%  
    Number used as Logic:                32  out of  63400     0%  

Slice Logic Distribution: 
 Number of LUT Flip Flop pairs used:     32
   Number with an unused Flip Flop:      32  out of     32   100%  
   Number with an unused LUT:             0  out of     32     0%  
   Number of fully used LUT-FF pairs:     0  out of     32     0%  
   Number of unique control sets:         0

IO Utilization: 
 Number of IOs:                         130
 Number of bonded IOBs:                 129  out of    210    61%  

Specific Feature Utilization:

---------------------------
Partition Resource Summary:
---------------------------

  No Partitions were found in this design.

---------------------------


=========================================================================
Timing Report

NOTE: THESE TIMING NUMBERS ARE ONLY A SYNTHESIS ESTIMATE.
      FOR ACCURATE TIMING INFORMATION PLEASE REFER TO THE TRACE REPORT
      GENERATED AFTER PLACE-and-ROUTE.

Clock Information:
------------------
No clock signals found in this design

Asynchronous Control Signals Information:
----------------------------------------
No asynchronous control signals found in this design

Timing Summary:
---------------
Speed Grade: -3

   Minimum period: No path found
   Minimum input arrival time before clock: No path found
   Maximum output required time after clock: No path found
   Maximum combinational path delay: 10.336ns

Timing Details:
---------------
All values displayed in nanoseconds (ns)

=========================================================================
Timing constraint: Default path analysis
  Total number of paths / destination ports: 1120 / 65
-------------------------------------------------------------------------
Delay:               10.336ns (Levels of Logic = 18)
  Source:            P<1> (PAD)
  Destination:       Cout (PAD)

  Data Path: P<1> to Cout
                                Gate     Net
    Cell:in->out      fanout   Delay   Delay  Logical Name (Net Name)
    ----------------------------------------  ------------
     IBUF:I->O             2   0.001   0.688  P_1_IBUF (Pout_1_OBUF)
     LUT5:I0->O            3   0.097   0.521  s_carry<1>1 (Gout_2_OBUF)
     LUT5:I2->O            3   0.097   0.521  s_carry<3>1 (Gout_4_OBUF)
     LUT5:I2->O            3   0.097   0.521  s_carry<5>1 (Gout_6_OBUF)
     LUT5:I2->O            3   0.097   0.521  s_carry<7>1 (Gout_8_OBUF)
     LUT5:I2->O            3   0.097   0.521  s_carry<9>1 (Gout_10_OBUF)
     LUT5:I2->O            3   0.097   0.521  s_carry<11>1 (Gout_12_OBUF)
     LUT5:I2->O            3   0.097   0.521  s_carry<13>1 (Gout_14_OBUF)
     LUT5:I2->O            3   0.097   0.521  s_carry<15>1 (Gout_16_OBUF)
     LUT5:I2->O            3   0.097   0.521  s_carry<17>1 (Gout_18_OBUF)
     LUT5:I2->O            3   0.097   0.521  s_carry<19>1 (Gout_20_OBUF)
     LUT5:I2->O            3   0.097   0.521  s_carry<21>1 (Gout_22_OBUF)
     LUT5:I2->O            3   0.097   0.521  s_carry<23>1 (Gout_24_OBUF)
     LUT5:I2->O            3   0.097   0.521  s_carry<25>1 (Gout_26_OBUF)
     LUT5:I2->O            3   0.097   0.521  s_carry<27>1 (Gout_28_OBUF)
     LUT5:I2->O            3   0.097   0.521  s_carry<29>1 (Gout_30_OBUF)
     LUT4:I1->O            1   0.097   0.279  Cout1 (Cout_OBUF)
     OBUF:I->O                 0.000          Cout_OBUF (Cout)
    ----------------------------------------
    Total                     10.336ns (1.553ns logic, 8.783ns route)
                                       (15.0% logic, 85.0% route)

=========================================================================

Cross Clock Domains Report:
--------------------------

=========================================================================


Total REAL time to Xst completion: 8.00 secs
Total CPU time to Xst completion: 7.66 secs
 
--> 

Total memory usage is 324232 kilobytes

Number of errors   :    0 (   0 filtered)
Number of warnings :    1 (   0 filtered)
Number of infos    :    0 (   0 filtered)

