Running: C:\Xilinx\14.7\ISE_DS\ISE\bin\nt\unwrapped\fuse.exe -intstyle ise -incremental -lib secureip -o C:/Users/UTENTE/Desktop/Politecnico di Torino/Laurea Magistrale/I Anno/Microelectronic Systems/DLX/MyDLX/Adders/PropagateCarryLookahead/TB_PropagateCarryLookahead_isim_beh.exe -prj C:/Users/UTENTE/Desktop/Politecnico di Torino/Laurea Magistrale/I Anno/Microelectronic Systems/DLX/MyDLX/Adders/PropagateCarryLookahead/TB_PropagateCarryLookahead_beh.prj work.TB_PropagateCarryLookahead 
ISim P.20131013 (signature 0x8ef4fb42)
Number of CPUs detected in this system: 8
Turning on mult-threading, number of parallel sub-compilation jobs: 16 
Determining compilation order of HDL files
Parsing VHDL file "C:/Users/UTENTE/Desktop/Politecnico di Torino/Laurea Magistrale/I Anno/Microelectronic Systems/DLX/MyDLX/Adders/PropagateCarryLookahead/PG_cell.vhd" into library work
Parsing VHDL file "C:/Users/UTENTE/Desktop/Politecnico di Torino/Laurea Magistrale/I Anno/Microelectronic Systems/DLX/MyDLX/Adders/PropagateCarryLookahead/Sum_Network.vhd" into library work
Parsing VHDL file "C:/Users/UTENTE/Desktop/Politecnico di Torino/Laurea Magistrale/I Anno/Microelectronic Systems/DLX/MyDLX/Adders/PropagateCarryLookahead/PG_network.vhd" into library work
Parsing VHDL file "C:/Users/UTENTE/Desktop/Politecnico di Torino/Laurea Magistrale/I Anno/Microelectronic Systems/DLX/MyDLX/Adders/PropagateCarryLookahead/Carry_Network.vhd" into library work
Parsing VHDL file "C:/Users/UTENTE/Desktop/Politecnico di Torino/Laurea Magistrale/I Anno/Microelectronic Systems/DLX/MyDLX/Adders/PropagateCarryLookahead/PropagateCarryLookahead.vhd" into library work
Parsing VHDL file "C:/Users/UTENTE/Desktop/Politecnico di Torino/Laurea Magistrale/I Anno/Microelectronic Systems/DLX/MyDLX/Adders/PropagateCarryLookahead/TB_PropagateCarryLookahead.vhd" into library work
Starting static elaboration
Completed static elaboration
Fuse Memory Usage: 164040 KB
Fuse CPU Usage: 343 ms
Compiling package standard
Compiling package std_logic_1164
Compiling package numeric_std
Compiling architecture behavioral of entity PG_cell [pg_cell_default]
Compiling architecture behavioral of entity PG_network [\PG_network(32)\]
Compiling architecture behavioral of entity Carry_Network [\Carry_Network(32)\]
Compiling architecture behavioral of entity Sum_Network [\Sum_Network(32)\]
Compiling architecture behavioral of entity PropagateCarryLookahead [\PropagateCarryLookahead(32)\]
Compiling architecture behavior of entity tb_propagatecarrylookahead
Time Resolution for simulation is 1ps.
Waiting for 1 sub-compilation(s) to finish...
Compiled 14 VHDL Units
Built simulation executable C:/Users/UTENTE/Desktop/Politecnico di Torino/Laurea Magistrale/I Anno/Microelectronic Systems/DLX/MyDLX/Adders/PropagateCarryLookahead/TB_PropagateCarryLookahead_isim_beh.exe
Fuse Memory Usage: 181544 KB
Fuse CPU Usage: 577 ms
