Release 14.7 - xst P.20131013 (nt)
Copyright (c) 1995-2013 Xilinx, Inc.  All rights reserved.
--> Parameter TMPDIR set to xst/projnav.tmp


Total REAL time to Xst completion: 0.00 secs
Total CPU time to Xst completion: 0.17 secs
 
--> Parameter xsthdpdir set to xst


Total REAL time to Xst completion: 0.00 secs
Total CPU time to Xst completion: 0.17 secs
 
--> Reading design: PropagateCarryLookahead.prj

TABLE OF CONTENTS
  1) Synthesis Options Summary
  2) HDL Parsing
  3) HDL Elaboration
  4) HDL Synthesis
       4.1) HDL Synthesis Report
  5) Advanced HDL Synthesis
       5.1) Advanced HDL Synthesis Report
  6) Low Level Synthesis
  7) Partition Report
  8) Design Summary
       8.1) Primitive and Black Box Usage
       8.2) Device utilization summary
       8.3) Partition Resource Summary
       8.4) Timing Report
            8.4.1) Clock Information
            8.4.2) Asynchronous Control Signals Information
            8.4.3) Timing Summary
            8.4.4) Timing Details
            8.4.5) Cross Clock Domains Report


=========================================================================
*                      Synthesis Options Summary                        *
=========================================================================
---- Source Parameters
Input File Name                    : "PropagateCarryLookahead.prj"
Ignore Synthesis Constraint File   : NO

---- Target Parameters
Output File Name                   : "PropagateCarryLookahead"
Output Format                      : NGC
Target Device                      : xc7a100t-3-csg324

---- Source Options
Top Module Name                    : PropagateCarryLookahead
Automatic FSM Extraction           : YES
FSM Encoding Algorithm             : Auto
Safe Implementation                : No
FSM Style                          : LUT
RAM Extraction                     : Yes
RAM Style                          : Auto
ROM Extraction                     : Yes
Shift Register Extraction          : YES
ROM Style                          : Auto
Resource Sharing                   : YES
Asynchronous To Synchronous        : NO
Shift Register Minimum Size        : 2
Use DSP Block                      : Auto
Automatic Register Balancing       : No

---- Target Options
LUT Combining                      : Auto
Reduce Control Sets                : Auto
Add IO Buffers                     : YES
Global Maximum Fanout              : 100000
Add Generic Clock Buffer(BUFG)     : 32
Register Duplication               : YES
Optimize Instantiated Primitives   : NO
Use Clock Enable                   : Auto
Use Synchronous Set                : Auto
Use Synchronous Reset              : Auto
Pack IO Registers into IOBs        : Auto
Equivalent register Removal        : YES

---- General Options
Optimization Goal                  : Speed
Optimization Effort                : 1
Power Reduction                    : NO
Keep Hierarchy                     : No
Netlist Hierarchy                  : As_Optimized
RTL Output                         : Yes
Global Optimization                : AllClockNets
Read Cores                         : YES
Write Timing Constraints           : NO
Cross Clock Analysis               : NO
Hierarchy Separator                : /
Bus Delimiter                      : <>
Case Specifier                     : Maintain
Slice Utilization Ratio            : 100
BRAM Utilization Ratio             : 100
DSP48 Utilization Ratio            : 100
Auto BRAM Packing                  : NO
Slice Utilization Ratio Delta      : 5

=========================================================================


=========================================================================
*                          HDL Parsing                                  *
=========================================================================
Parsing VHDL file "C:\Users\UTENTE\Desktop\Politecnico di Torino\Laurea Magistrale\I Anno\Microelectronic Systems\DLX\MyDLX\Adders\PropagateCarryLookahead\PG_cell.vhd" into library work
Parsing entity <PG_cell>.
Parsing architecture <Behavioral> of entity <pg_cell>.
Parsing VHDL file "C:\Users\UTENTE\Desktop\Politecnico di Torino\Laurea Magistrale\I Anno\Microelectronic Systems\DLX\MyDLX\Adders\PropagateCarryLookahead\Sum_Network.vhd" into library work
Parsing entity <Sum_Network>.
Parsing architecture <Behavioral> of entity <sum_network>.
Parsing VHDL file "C:\Users\UTENTE\Desktop\Politecnico di Torino\Laurea Magistrale\I Anno\Microelectronic Systems\DLX\MyDLX\Adders\PropagateCarryLookahead\PG_network.vhd" into library work
Parsing entity <PG_network>.
Parsing architecture <Behavioral> of entity <pg_network>.
Parsing VHDL file "C:\Users\UTENTE\Desktop\Politecnico di Torino\Laurea Magistrale\I Anno\Microelectronic Systems\DLX\MyDLX\Adders\PropagateCarryLookahead\Carry_Network.vhd" into library work
Parsing entity <Carry_Network>.
Parsing architecture <Behavioral> of entity <carry_network>.
Parsing VHDL file "C:\Users\UTENTE\Desktop\Politecnico di Torino\Laurea Magistrale\I Anno\Microelectronic Systems\DLX\MyDLX\Adders\PropagateCarryLookahead\PropagateCarryLookahead.vhd" into library work
Parsing entity <PropagateCarryLookahead>.
Parsing architecture <Behavioral> of entity <propagatecarrylookahead>.

=========================================================================
*                            HDL Elaboration                            *
=========================================================================

Elaborating entity <PropagateCarryLookahead> (architecture <Behavioral>) with generics from library <work>.

Elaborating entity <PG_network> (architecture <Behavioral>) with generics from library <work>.
WARNING:HDLCompiler:1127 - "C:\Users\UTENTE\Desktop\Politecnico di Torino\Laurea Magistrale\I Anno\Microelectronic Systems\DLX\MyDLX\Adders\PropagateCarryLookahead\PG_network.vhd" Line 61: Assignment to tmp1 ignored, since the identifier is never used
WARNING:HDLCompiler:1127 - "C:\Users\UTENTE\Desktop\Politecnico di Torino\Laurea Magistrale\I Anno\Microelectronic Systems\DLX\MyDLX\Adders\PropagateCarryLookahead\PG_network.vhd" Line 62: Assignment to tmp2 ignored, since the identifier is never used

Elaborating entity <PG_cell> (architecture <Behavioral>) from library <work>.

Elaborating entity <Carry_Network> (architecture <Behavioral>) with generics from library <work>.

Elaborating entity <Sum_Network> (architecture <Behavioral>) with generics from library <work>.

=========================================================================
*                           HDL Synthesis                               *
=========================================================================

Synthesizing Unit <PropagateCarryLookahead>.
    Related source file is "C:\Users\UTENTE\Desktop\Politecnico di Torino\Laurea Magistrale\I Anno\Microelectronic Systems\DLX\MyDLX\Adders\PropagateCarryLookahead\PropagateCarryLookahead.vhd".
        N = 32
    Summary:
	no macro.
Unit <PropagateCarryLookahead> synthesized.

Synthesizing Unit <PG_network>.
    Related source file is "C:\Users\UTENTE\Desktop\Politecnico di Torino\Laurea Magistrale\I Anno\Microelectronic Systems\DLX\MyDLX\Adders\PropagateCarryLookahead\PG_network.vhd".
        N = 32
WARNING:Xst:647 - Input <c_in> is never used. This port will be preserved and left unconnected if it belongs to a top-level block or it belongs to a sub-block and the hierarchy of this sub-block is preserved.
    Summary:
	no macro.
Unit <PG_network> synthesized.

Synthesizing Unit <PG_cell>.
    Related source file is "C:\Users\UTENTE\Desktop\Politecnico di Torino\Laurea Magistrale\I Anno\Microelectronic Systems\DLX\MyDLX\Adders\PropagateCarryLookahead\PG_cell.vhd".
    Summary:
Unit <PG_cell> synthesized.

Synthesizing Unit <Carry_Network>.
    Related source file is "C:\Users\UTENTE\Desktop\Politecnico di Torino\Laurea Magistrale\I Anno\Microelectronic Systems\DLX\MyDLX\Adders\PropagateCarryLookahead\Carry_Network.vhd".
        N = 32
    Summary:
	no macro.
Unit <Carry_Network> synthesized.

Synthesizing Unit <Sum_Network>.
    Related source file is "C:\Users\UTENTE\Desktop\Politecnico di Torino\Laurea Magistrale\I Anno\Microelectronic Systems\DLX\MyDLX\Adders\PropagateCarryLookahead\Sum_Network.vhd".
        N = 32
    Summary:
Unit <Sum_Network> synthesized.

=========================================================================
HDL Synthesis Report

Macro Statistics
# Xors                                                 : 64
 1-bit xor2                                            : 64

=========================================================================

=========================================================================
*                       Advanced HDL Synthesis                          *
=========================================================================


=========================================================================
Advanced HDL Synthesis Report

Macro Statistics
# Xors                                                 : 64
 1-bit xor2                                            : 64

=========================================================================

=========================================================================
*                         Low Level Synthesis                           *
=========================================================================

Optimizing unit <PropagateCarryLookahead> ...

Optimizing unit <Carry_Network> ...

Mapping all equations...
Building and optimizing final netlist ...
Found area constraint ratio of 100 (+ 5) on block PropagateCarryLookahead, actual ratio is 0.

Final Macro Processing ...

=========================================================================
Final Register Report

Found no macro
=========================================================================

=========================================================================
*                           Partition Report                            *
=========================================================================

Partition Implementation Status
-------------------------------

  No Partitions were found in this design.

-------------------------------

=========================================================================
*                            Design Summary                             *
=========================================================================

Top Level Output File Name         : PropagateCarryLookahead.ngc

Primitive and Black Box Usage:
------------------------------
# BELS                             : 48
#      LUT3                        : 16
#      LUT5                        : 32
# IO Buffers                       : 98
#      IBUF                        : 65
#      OBUF                        : 33

Device utilization summary:
---------------------------

Selected Device : 7a100tcsg324-3 


Slice Logic Utilization: 
 Number of Slice LUTs:                   48  out of  63400     0%  
    Number used as Logic:                48  out of  63400     0%  

Slice Logic Distribution: 
 Number of LUT Flip Flop pairs used:     48
   Number with an unused Flip Flop:      48  out of     48   100%  
   Number with an unused LUT:             0  out of     48     0%  
   Number of fully used LUT-FF pairs:     0  out of     48     0%  
   Number of unique control sets:         0

IO Utilization: 
 Number of IOs:                          98
 Number of bonded IOBs:                  98  out of    210    46%  

Specific Feature Utilization:

---------------------------
Partition Resource Summary:
---------------------------

  No Partitions were found in this design.

---------------------------


=========================================================================
Timing Report

NOTE: THESE TIMING NUMBERS ARE ONLY A SYNTHESIS ESTIMATE.
      FOR ACCURATE TIMING INFORMATION PLEASE REFER TO THE TRACE REPORT
      GENERATED AFTER PLACE-and-ROUTE.

Clock Information:
------------------
No clock signals found in this design

Asynchronous Control Signals Information:
----------------------------------------
No asynchronous control signals found in this design

Timing Summary:
---------------
Speed Grade: -3

   Minimum period: No path found
   Minimum input arrival time before clock: No path found
   Maximum output required time after clock: No path found
   Maximum combinational path delay: 12.922ns

Timing Details:
---------------
All values displayed in nanoseconds (ns)

=========================================================================
Timing constraint: Default path analysis
  Total number of paths / destination ports: 1153 / 33
-------------------------------------------------------------------------
Delay:               12.922ns (Levels of Logic = 18)
  Source:            Cin (PAD)
  Destination:       Sum<31> (PAD)

  Data Path: Cin to Sum<31>
                                Gate     Net
    Cell:in->out      fanout   Delay   Delay  Logical Name (Net Name)
    ----------------------------------------  ------------
     IBUF:I->O             3   0.001   0.693  Cin_IBUF (Cin_IBUF)
     LUT5:I0->O            3   0.097   0.693  CN/s_carry<1>1 (s_G2<2>)
     LUT5:I0->O            3   0.097   0.693  CN/s_carry<3>1 (s_G2<4>)
     LUT5:I0->O            3   0.097   0.693  CN/s_carry<5>1 (s_G2<6>)
     LUT5:I0->O            3   0.097   0.693  CN/s_carry<7>1 (s_G2<8>)
     LUT5:I0->O            3   0.097   0.693  CN/s_carry<9>1 (s_G2<10>)
     LUT5:I0->O            3   0.097   0.693  CN/s_carry<11>1 (s_G2<12>)
     LUT5:I0->O            3   0.097   0.693  CN/s_carry<13>1 (s_G2<14>)
     LUT5:I0->O            3   0.097   0.693  CN/s_carry<15>1 (s_G2<16>)
     LUT5:I0->O            3   0.097   0.693  CN/s_carry<17>1 (s_G2<18>)
     LUT5:I0->O            3   0.097   0.693  CN/s_carry<19>1 (s_G2<20>)
     LUT5:I0->O            3   0.097   0.693  CN/s_carry<21>1 (s_G2<22>)
     LUT5:I0->O            3   0.097   0.693  CN/s_carry<23>1 (s_G2<24>)
     LUT5:I0->O            3   0.097   0.693  CN/s_carry<25>1 (s_G2<26>)
     LUT5:I0->O            3   0.097   0.693  CN/s_carry<27>1 (s_G2<28>)
     LUT5:I0->O            3   0.097   0.693  CN/s_carry<29>1 (s_G2<30>)
     LUT5:I0->O            1   0.097   0.279  CN/Cout1 (Cout_OBUF)
     OBUF:I->O                 0.000          Cout_OBUF (Cout)
    ----------------------------------------
    Total                     12.922ns (1.553ns logic, 11.369ns route)
                                       (12.0% logic, 88.0% route)

=========================================================================

Cross Clock Domains Report:
--------------------------

=========================================================================


Total REAL time to Xst completion: 7.00 secs
Total CPU time to Xst completion: 7.21 secs
 
--> 

Total memory usage is 370696 kilobytes

Number of errors   :    0 (   0 filtered)
Number of warnings :    3 (   0 filtered)
Number of infos    :    0 (   0 filtered)

