Running: C:\Xilinx\14.7\ISE_DS\ISE\bin\nt\unwrapped\fuse.exe -intstyle ise -incremental -lib secureip -o C:/Users/UTENTE/Desktop/Politecnico di Torino/Laurea Magistrale/I Anno/Microelectronic Systems/DLX/MyDLX/MultiplierBehavioral/Multiplier/TB_Multiplier_isim_beh.exe -prj C:/Users/UTENTE/Desktop/Politecnico di Torino/Laurea Magistrale/I Anno/Microelectronic Systems/DLX/MyDLX/MultiplierBehavioral/Multiplier/TB_Multiplier_beh.prj work.TB_Multiplier 
ISim P.20131013 (signature 0x8ef4fb42)
Number of CPUs detected in this system: 8
Turning on mult-threading, number of parallel sub-compilation jobs: 16 
Determining compilation order of HDL files
Parsing VHDL file "C:/Users/UTENTE/Desktop/Politecnico di Torino/Laurea Magistrale/I Anno/Microelectronic Systems/DLX/MyDLX/MultiplierBehavioral/Multiplier/Multiplier.vhd" into library work
Parsing VHDL file "C:/Users/UTENTE/Desktop/Politecnico di Torino/Laurea Magistrale/I Anno/Microelectronic Systems/DLX/MyDLX/MultiplierBehavioral/Multiplier/TB_Multiplier.vhd" into library work
Starting static elaboration
Completed static elaboration
Fuse Memory Usage: 197188 KB
Fuse CPU Usage: 374 ms
Compiling package standard
Compiling package std_logic_1164
Compiling package numeric_std
Compiling architecture behavioral of entity Multiplier [\Multiplier(32)\]
Compiling architecture behavior of entity tb_multiplier
Time Resolution for simulation is 1ps.
Compiled 6 VHDL Units
Built simulation executable C:/Users/UTENTE/Desktop/Politecnico di Torino/Laurea Magistrale/I Anno/Microelectronic Systems/DLX/MyDLX/MultiplierBehavioral/Multiplier/TB_Multiplier_isim_beh.exe
Fuse Memory Usage: 213668 KB
Fuse CPU Usage: 593 ms
