Release 14.7 - xst P.20131013 (nt)
Copyright (c) 1995-2013 Xilinx, Inc.  All rights reserved.
--> Parameter TMPDIR set to xst/projnav.tmp


Total REAL time to Xst completion: 0.00 secs
Total CPU time to Xst completion: 0.14 secs
 
--> Parameter xsthdpdir set to xst


Total REAL time to Xst completion: 0.00 secs
Total CPU time to Xst completion: 0.14 secs
 
--> Reading design: ControlUnit.prj

TABLE OF CONTENTS
  1) Synthesis Options Summary
  2) HDL Parsing
  3) HDL Elaboration
  4) HDL Synthesis
       4.1) HDL Synthesis Report
  5) Advanced HDL Synthesis
       5.1) Advanced HDL Synthesis Report
  6) Low Level Synthesis
  7) Partition Report
  8) Design Summary
       8.1) Primitive and Black Box Usage
       8.2) Device utilization summary
       8.3) Partition Resource Summary
       8.4) Timing Report
            8.4.1) Clock Information
            8.4.2) Asynchronous Control Signals Information
            8.4.3) Timing Summary
            8.4.4) Timing Details
            8.4.5) Cross Clock Domains Report


=========================================================================
*                      Synthesis Options Summary                        *
=========================================================================
---- Source Parameters
Input File Name                    : "ControlUnit.prj"
Ignore Synthesis Constraint File   : NO

---- Target Parameters
Output File Name                   : "ControlUnit"
Output Format                      : NGC
Target Device                      : xc7a100t-3-csg324

---- Source Options
Top Module Name                    : ControlUnit
Automatic FSM Extraction           : YES
FSM Encoding Algorithm             : Auto
Safe Implementation                : No
FSM Style                          : LUT
RAM Extraction                     : Yes
RAM Style                          : Auto
ROM Extraction                     : Yes
Shift Register Extraction          : YES
ROM Style                          : Auto
Resource Sharing                   : YES
Asynchronous To Synchronous        : NO
Shift Register Minimum Size        : 2
Use DSP Block                      : Auto
Automatic Register Balancing       : No

---- Target Options
LUT Combining                      : Auto
Reduce Control Sets                : Auto
Add IO Buffers                     : YES
Global Maximum Fanout              : 100000
Add Generic Clock Buffer(BUFG)     : 32
Register Duplication               : YES
Optimize Instantiated Primitives   : NO
Use Clock Enable                   : Auto
Use Synchronous Set                : Auto
Use Synchronous Reset              : Auto
Pack IO Registers into IOBs        : Auto
Equivalent register Removal        : YES

---- General Options
Optimization Goal                  : Speed
Optimization Effort                : 1
Power Reduction                    : NO
Keep Hierarchy                     : No
Netlist Hierarchy                  : As_Optimized
RTL Output                         : Yes
Global Optimization                : AllClockNets
Read Cores                         : YES
Write Timing Constraints           : NO
Cross Clock Analysis               : NO
Hierarchy Separator                : /
Bus Delimiter                      : <>
Case Specifier                     : Maintain
Slice Utilization Ratio            : 100
BRAM Utilization Ratio             : 100
DSP48 Utilization Ratio            : 100
Auto BRAM Packing                  : NO
Slice Utilization Ratio Delta      : 5

=========================================================================


=========================================================================
*                          HDL Parsing                                  *
=========================================================================
Parsing VHDL file "C:\Users\Alessandro\Documents\GitHub\MyDLX\DLX_plus_memories\NRegister.vhd" into library work
Parsing entity <NRegister>.
Parsing architecture <Behavioral> of entity <nregister>.
Parsing VHDL file "C:\Users\Alessandro\Documents\GitHub\MyDLX\DLX_plus_memories\Mux_NBit_2x1.vhd" into library work
Parsing entity <Mux_NBit_2x1>.
Parsing architecture <Behavioral> of entity <mux_nbit_2x1>.
Parsing VHDL file "C:\Users\Alessandro\Documents\GitHub\MyDLX\DLX_plus_memories\constants.vhd" into library work
Parsing package <CONSTANTS>.
Parsing package body <CONSTANTS>.
Parsing VHDL file "C:\Users\Alessandro\Documents\GitHub\MyDLX\DLX_plus_memories\ControlUnit.vhd" into library work
Parsing entity <ControlUnit>.
Parsing architecture <Structural> of entity <controlunit>.

=========================================================================
*                            HDL Elaboration                            *
=========================================================================

Elaborating entity <ControlUnit> (architecture <Structural>) from library <work>.
WARNING:HDLCompiler:871 - "C:\Users\Alessandro\Documents\GitHub\MyDLX\DLX_plus_memories\ControlUnit.vhd" Line 87: Using initial value "00000100000000000010000000" for s_cw_bubble since it is never assigned
WARNING:HDLCompiler:92 - "C:\Users\Alessandro\Documents\GitHub\MyDLX\DLX_plus_memories\ControlUnit.vhd" Line 94: cu_reset should be on the sensitivity list of the process

Elaborating entity <Mux_NBit_2x1> (architecture <Behavioral>) with generics from library <work>.

Elaborating entity <NRegister> (architecture <Behavioral>) with generics from library <work>.

Elaborating entity <NRegister> (architecture <Behavioral>) with generics from library <work>.

Elaborating entity <NRegister> (architecture <Behavioral>) with generics from library <work>.

Elaborating entity <NRegister> (architecture <Behavioral>) with generics from library <work>.

=========================================================================
*                           HDL Synthesis                               *
=========================================================================

Synthesizing Unit <ControlUnit>.
    Related source file is "C:\Users\Alessandro\Documents\GitHub\MyDLX\DLX_plus_memories\ControlUnit.vhd".
    Summary:
	inferred   5 Multiplexer(s).
Unit <ControlUnit> synthesized.

Synthesizing Unit <Mux_NBit_2x1>.
    Related source file is "C:\Users\Alessandro\Documents\GitHub\MyDLX\DLX_plus_memories\Mux_NBit_2x1.vhd".
        NBIT_IN = 26
    Summary:
	inferred   1 Multiplexer(s).
Unit <Mux_NBit_2x1> synthesized.

Synthesizing Unit <NRegister_1>.
    Related source file is "C:\Users\Alessandro\Documents\GitHub\MyDLX\DLX_plus_memories\NRegister.vhd".
        N = 26
    Found 26-bit register for signal <data_out>.
    Summary:
	inferred  26 D-type flip-flop(s).
Unit <NRegister_1> synthesized.

Synthesizing Unit <NRegister_2>.
    Related source file is "C:\Users\Alessandro\Documents\GitHub\MyDLX\DLX_plus_memories\NRegister.vhd".
        N = 19
    Found 19-bit register for signal <data_out>.
    Summary:
	inferred  19 D-type flip-flop(s).
Unit <NRegister_2> synthesized.

Synthesizing Unit <NRegister_3>.
    Related source file is "C:\Users\Alessandro\Documents\GitHub\MyDLX\DLX_plus_memories\NRegister.vhd".
        N = 8
    Found 8-bit register for signal <data_out>.
    Summary:
	inferred   8 D-type flip-flop(s).
Unit <NRegister_3> synthesized.

Synthesizing Unit <NRegister_4>.
    Related source file is "C:\Users\Alessandro\Documents\GitHub\MyDLX\DLX_plus_memories\NRegister.vhd".
        N = 4
    Found 4-bit register for signal <data_out>.
    Summary:
	inferred   4 D-type flip-flop(s).
Unit <NRegister_4> synthesized.

=========================================================================
HDL Synthesis Report

Macro Statistics
# Registers                                            : 4
 19-bit register                                       : 1
 26-bit register                                       : 1
 4-bit register                                        : 1
 8-bit register                                        : 1
# Multiplexers                                         : 6
 1-bit 2-to-1 multiplexer                              : 4
 26-bit 2-to-1 multiplexer                             : 2

=========================================================================

=========================================================================
*                       Advanced HDL Synthesis                          *
=========================================================================


=========================================================================
Advanced HDL Synthesis Report

Macro Statistics
# Registers                                            : 57
 Flip-Flops                                            : 57
# Multiplexers                                         : 6
 1-bit 2-to-1 multiplexer                              : 4
 26-bit 2-to-1 multiplexer                             : 2

=========================================================================

=========================================================================
*                         Low Level Synthesis                           *
=========================================================================

Optimizing unit <NRegister_1> ...

Optimizing unit <NRegister_2> ...

Optimizing unit <NRegister_3> ...

Optimizing unit <ControlUnit> ...
INFO:Xst:2261 - The FF/Latch <EX_CW/data_out_6> in Unit <ControlUnit> is equivalent to the following FF/Latch, which will be removed : <EX_CW/data_out_3> 
INFO:Xst:2261 - The FF/Latch <DE_CW/data_out_6> in Unit <ControlUnit> is equivalent to the following FF/Latch, which will be removed : <DE_CW/data_out_3> 
INFO:Xst:2261 - The FF/Latch <MEM_CW/data_out_3> in Unit <ControlUnit> is equivalent to the following FF/Latch, which will be removed : <MEM_CW/data_out_6> 

Mapping all equations...
Building and optimizing final netlist ...
Found area constraint ratio of 100 (+ 5) on block ControlUnit, actual ratio is 0.
FlipFlop DE_CW/data_out_18 has been replicated 1 time(s) to handle iob=true attribute.
FlipFlop DE_CW/data_out_17 has been replicated 1 time(s) to handle iob=true attribute.

Final Macro Processing ...

=========================================================================
Final Register Report

Macro Statistics
# Registers                                            : 56
 Flip-Flops                                            : 56

=========================================================================

=========================================================================
*                           Partition Report                            *
=========================================================================

Partition Implementation Status
-------------------------------

  No Partitions were found in this design.

-------------------------------

=========================================================================
*                            Design Summary                             *
=========================================================================

Top Level Output File Name         : ControlUnit.ngc

Primitive and Black Box Usage:
------------------------------
# BELS                             : 77
#      LUT2                        : 6
#      LUT3                        : 9
#      LUT4                        : 5
#      LUT5                        : 15
#      LUT6                        : 42
# FlipFlops/Latches                : 56
#      FDCE                        : 56
# Clock Buffers                    : 1
#      BUFGP                       : 1
# IO Buffers                       : 50
#      IBUF                        : 21
#      OBUF                        : 29

Device utilization summary:
---------------------------

Selected Device : 7a100tcsg324-3 


Slice Logic Utilization: 
 Number of Slice Registers:              47  out of  126800     0%  
 Number of Slice LUTs:                   77  out of  63400     0%  
    Number used as Logic:                77  out of  63400     0%  

Slice Logic Distribution: 
 Number of LUT Flip Flop pairs used:     95
   Number with an unused Flip Flop:      48  out of     95    50%  
   Number with an unused LUT:            18  out of     95    18%  
   Number of fully used LUT-FF pairs:    29  out of     95    30%  
   Number of unique control sets:         2

IO Utilization: 
 Number of IOs:                          51
 Number of bonded IOBs:                  51  out of    210    24%  
    IOB Flip Flops/Latches:               9

Specific Feature Utilization:
 Number of BUFG/BUFGCTRLs:                1  out of     32     3%  

---------------------------
Partition Resource Summary:
---------------------------

  No Partitions were found in this design.

---------------------------


=========================================================================
Timing Report

NOTE: THESE TIMING NUMBERS ARE ONLY A SYNTHESIS ESTIMATE.
      FOR ACCURATE TIMING INFORMATION PLEASE REFER TO THE TRACE REPORT
      GENERATED AFTER PLACE-and-ROUTE.

Clock Information:
------------------
-----------------------------------+------------------------+-------+
Clock Signal                       | Clock buffer(FF name)  | Load  |
-----------------------------------+------------------------+-------+
CU_clk                             | BUFGP                  | 56    |
-----------------------------------+------------------------+-------+

Asynchronous Control Signals Information:
----------------------------------------
No asynchronous control signals found in this design

Timing Summary:
---------------
Speed Grade: -3

   Minimum period: 0.653ns (Maximum Frequency: 1532.567MHz)
   Minimum input arrival time before clock: 3.399ns
   Maximum output required time after clock: 0.645ns
   Maximum combinational path delay: 2.654ns

Timing Details:
---------------
All values displayed in nanoseconds (ns)

=========================================================================
Timing constraint: Default period analysis for Clock 'CU_clk'
  Clock period: 0.653ns (frequency: 1532.567MHz)
  Total number of paths / destination ports: 29 / 29
-------------------------------------------------------------------------
Delay:               0.653ns (Levels of Logic = 0)
  Source:            MEM_CW/data_out_3 (FF)
  Destination:       WB_CW/data_out_3 (FF)
  Source Clock:      CU_clk rising
  Destination Clock: CU_clk rising

  Data Path: MEM_CW/data_out_3 to WB_CW/data_out_3
                                Gate     Net
    Cell:in->out      fanout   Delay   Delay  Logical Name (Net Name)
    ----------------------------------------  ------------
     FDCE:C->Q             2   0.361   0.283  MEM_CW/data_out_3 (MEM_CW/data_out_3)
     FDCE:D                    0.008          WB_CW/data_out_3
    ----------------------------------------
    Total                      0.653ns (0.369ns logic, 0.283ns route)
                                       (56.6% logic, 43.4% route)

=========================================================================
Timing constraint: Default OFFSET IN BEFORE for Clock 'CU_clk'
  Total number of paths / destination ports: 727 / 139
-------------------------------------------------------------------------
Offset:              3.399ns (Levels of Logic = 6)
  Source:            CU_instr_func<10> (PAD)
  Destination:       DE_CW/data_out_10 (FF)
  Destination Clock: CU_clk rising

  Data Path: CU_instr_func<10> to DE_CW/data_out_10
                                Gate     Net
    Cell:in->out      fanout   Delay   Delay  Logical Name (Net Name)
    ----------------------------------------  ------------
     IBUF:I->O             1   0.001   0.683  CU_instr_func_10_IBUF (CU_instr_func_10_IBUF)
     LUT5:I0->O            4   0.097   0.707  out11 (CU_instr_opcode[5]_GND_4_o_wide_mux_27_OUT<12>21)
     LUT6:I0->O            2   0.097   0.383  GND_4_o_PWR_4_o_select_26_OUT<16> (GND_4_o_PWR_4_o_select_26_OUT<16>)
     LUT5:I3->O            4   0.097   0.570  _n0452<10>1 (_n0452<10>)
     LUT6:I2->O            2   0.097   0.561  CU_instr_opcode[5]_GND_4_o_wide_mux_27_OUT<25>1 (CU_instr_opcode[5]_GND_4_o_wide_mux_27_OUT<25>1)
     LUT6:I2->O            1   0.097   0.000  BUBBLE_MUX/Mmux_portY72 (s_cw_tmp<16>)
     FDCE:D                    0.008          DE_CW/data_out_10
    ----------------------------------------
    Total                      3.399ns (0.494ns logic, 2.905ns route)
                                       (14.5% logic, 85.5% route)

=========================================================================
Timing constraint: Default OFFSET OUT AFTER for Clock 'CU_clk'
  Total number of paths / destination ports: 28 / 28
-------------------------------------------------------------------------
Offset:              0.645ns (Levels of Logic = 1)
  Source:            MEM_CW/data_out_3 (FF)
  Destination:       CU_CW_MEM<20> (PAD)
  Source Clock:      CU_clk rising

  Data Path: MEM_CW/data_out_3 to CU_CW_MEM<20>
                                Gate     Net
    Cell:in->out      fanout   Delay   Delay  Logical Name (Net Name)
    ----------------------------------------  ------------
     FDCE:C->Q             2   0.361   0.283  MEM_CW/data_out_3 (MEM_CW/data_out_3)
     OBUF:I->O                 0.000          CU_CW_MEM_20_OBUF (CU_CW_MEM<20>)
    ----------------------------------------
    Total                      0.645ns (0.361ns logic, 0.283ns route)
                                       (56.0% logic, 44.0% route)

=========================================================================
Timing constraint: Default path analysis
  Total number of paths / destination ports: 36 / 1
-------------------------------------------------------------------------
Delay:               2.654ns (Levels of Logic = 6)
  Source:            CU_instr_func<10> (PAD)
  Destination:       CU_error (PAD)

  Data Path: CU_instr_func<10> to CU_error
                                Gate     Net
    Cell:in->out      fanout   Delay   Delay  Logical Name (Net Name)
    ----------------------------------------  ------------
     IBUF:I->O             1   0.001   0.683  CU_instr_func_10_IBUF (CU_instr_func_10_IBUF)
     LUT5:I0->O            4   0.097   0.707  out11 (CU_instr_opcode[5]_GND_4_o_wide_mux_27_OUT<12>21)
     LUT6:I0->O            2   0.097   0.299  GND_4_o_PWR_4_o_select_26_OUT<16> (GND_4_o_PWR_4_o_select_26_OUT<16>)
     LUT6:I5->O            1   0.097   0.295  Mmux_CU_error12 (Mmux_CU_error11)
     LUT4:I3->O            1   0.097   0.279  Mmux_CU_error14 (CU_error_OBUF)
     OBUF:I->O                 0.000          CU_error_OBUF (CU_error)
    ----------------------------------------
    Total                      2.654ns (0.389ns logic, 2.265ns route)
                                       (14.7% logic, 85.3% route)

=========================================================================

Cross Clock Domains Report:
--------------------------

Clock to Setup on destination clock CU_clk
---------------+---------+---------+---------+---------+
               | Src:Rise| Src:Fall| Src:Rise| Src:Fall|
Source Clock   |Dest:Rise|Dest:Rise|Dest:Fall|Dest:Fall|
---------------+---------+---------+---------+---------+
CU_clk         |    0.653|         |         |         |
---------------+---------+---------+---------+---------+

=========================================================================


Total REAL time to Xst completion: 8.00 secs
Total CPU time to Xst completion: 7.68 secs
 
--> 

Total memory usage is 319924 kilobytes

Number of errors   :    0 (   0 filtered)
Number of warnings :    2 (   0 filtered)
Number of infos    :    3 (   0 filtered)

