ISim log file
Running: C:\Users\Alessandro\Documents\GitHub\MyDLX\DLX_plus_memories\TB_DLX_PM_isim_beh.exe -intstyle ise -gui -tclbatch isim.cmd -wdb C:/Users/Alessandro/Documents/GitHub/MyDLX/DLX_plus_memories/TB_DLX_PM_isim_beh.wdb 
ISim P.20131013 (signature 0x8ef4fb42)
----------------------------------------------------------------------
INFO:Security:51 - The XILINXD_LICENSE_FILE environment variable is not set.
INFO:Security:53 - The LM_LICENSE_FILE environment variable is not set.
INFO:Security:68a - user is Alessandro, on host LAPTOP-VJNI7AJB.
WARNING:Security:43 - No license file was found in the standard Xilinx license directory.
WARNING:Security:44 - Since no license file was found,
       please run the Xilinx License Configuration Manager
       (xlcm or "Manage Xilinx Licenses")
       to assist in obtaining a license.
ERROR:Security:14 - No feature was available for 'ISIM'.

No such feature exists.
Feature:       ISIM
License path:  C:/.Xilinx;C:\Xilinx\14.7\ISE_DS\ISE\/coregen/core_licenses\Xilinx.lic;C:\Xilinx\14.7\ISE_DS\ISE\/coregen/core_licenses\XilinxFree.lic;C:\Xilinx\14.7\ISE_DS\EDK/data/core_licenses\Xilinx.lic;
FLEXnet Licensing error:-5,357
For further information, refer to the FLEXnet Licensing documentation,
available at "www.flexerasoftware.com".
----------------------------------------------------------------------
WARNING: A full ISim License cannot be checked out due to the issues listed above. Please use Xilinx License Configuration Manager to fix these issues in order to check out a full ISim license.
WARNING: ISim will run in Lite mode. Please refer to the ISim documentation for more information on the differences between the Lite and the Full version.
This is a Lite version of ISim.
Time resolution is 1 ps
# onerror resume
# wave add /
# run 1000 ns
Simulator is doing circuit initialization process.
at 0 ps, Instance /tb_dlx_pm/uut/DLX/BTB_cache/MuxSat/ : Warning: NUMERIC_STD.TO_INTEGER: metavalue detected, returning 0
Finished circuit initialization process.
at 0 ps: Error: Textio read:: called on empty string or line
at 0 ps: Error: HREAD Error: Read a '?', expected a Hex character (0-F).
at 10 ns(3), Instance /tb_dlx_pm/uut/DLX/BTB_cache/RotReg/\gen_mux(0)\/if_m0/MUX_0/ : Warning: NUMERIC_STD.TO_INTEGER: metavalue detected, returning 0
at 10 ns(3), Instance /tb_dlx_pm/uut/DLX/BTB_cache/RotReg/\gen_mux(1)\/if_mi/MUX_i/ : Warning: NUMERIC_STD.TO_INTEGER: metavalue detected, returning 0
at 10 ns(3), Instance /tb_dlx_pm/uut/DLX/BTB_cache/RotReg/\gen_mux(2)\/if_mi/MUX_i/ : Warning: NUMERIC_STD.TO_INTEGER: metavalue detected, returning 0
at 10 ns(3), Instance /tb_dlx_pm/uut/DLX/BTB_cache/RotReg/\gen_mux(3)\/if_mi/MUX_i/ : Warning: NUMERIC_STD.TO_INTEGER: metavalue detected, returning 0
at 10 ns(3), Instance /tb_dlx_pm/uut/DLX/BTB_cache/RotReg/\gen_mux(4)\/if_mi/MUX_i/ : Warning: NUMERIC_STD.TO_INTEGER: metavalue detected, returning 0
at 10 ns(3), Instance /tb_dlx_pm/uut/DLX/BTB_cache/RotReg/\gen_mux(5)\/if_mi/MUX_i/ : Warning: NUMERIC_STD.TO_INTEGER: metavalue detected, returning 0
at 10 ns(3), Instance /tb_dlx_pm/uut/DLX/BTB_cache/RotReg/\gen_mux(6)\/if_mi/MUX_i/ : Warning: NUMERIC_STD.TO_INTEGER: metavalue detected, returning 0
at 10 ns(3), Instance /tb_dlx_pm/uut/DLX/BTB_cache/RotReg/\gen_mux(7)\/if_mi/MUX_i/ : Warning: NUMERIC_STD.TO_INTEGER: metavalue detected, returning 0
at 10 ns(3), Instance /tb_dlx_pm/uut/DLX/BTB_cache/RotReg/\gen_mux(8)\/if_mi/MUX_i/ : Warning: NUMERIC_STD.TO_INTEGER: metavalue detected, returning 0
at 10 ns(3), Instance /tb_dlx_pm/uut/DLX/BTB_cache/RotReg/\gen_mux(9)\/if_mi/MUX_i/ : Warning: NUMERIC_STD.TO_INTEGER: metavalue detected, returning 0
at 10 ns(3), Instance /tb_dlx_pm/uut/DLX/BTB_cache/RotReg/\gen_mux(10)\/if_mi/MUX_i/ : Warning: NUMERIC_STD.TO_INTEGER: metavalue detected, returning 0
at 10 ns(3), Instance /tb_dlx_pm/uut/DLX/BTB_cache/RotReg/\gen_mux(11)\/if_mi/MUX_i/ : Warning: NUMERIC_STD.TO_INTEGER: metavalue detected, returning 0
at 10 ns(3), Instance /tb_dlx_pm/uut/DLX/BTB_cache/RotReg/\gen_mux(12)\/if_mi/MUX_i/ : Warning: NUMERIC_STD.TO_INTEGER: metavalue detected, returning 0
at 10 ns(3), Instance /tb_dlx_pm/uut/DLX/BTB_cache/RotReg/\gen_mux(13)\/if_mi/MUX_i/ : Warning: NUMERIC_STD.TO_INTEGER: metavalue detected, returning 0
at 10 ns(3), Instance /tb_dlx_pm/uut/DLX/BTB_cache/RotReg/\gen_mux(14)\/if_mi/MUX_i/ : Warning: NUMERIC_STD.TO_INTEGER: metavalue detected, returning 0
at 10 ns(3), Instance /tb_dlx_pm/uut/DLX/BTB_cache/RotReg/\gen_mux(15)\/if_mi/MUX_i/ : Warning: NUMERIC_STD.TO_INTEGER: metavalue detected, returning 0
at 10 ns(3), Instance /tb_dlx_pm/uut/DLX/BTB_cache/RotReg/\gen_mux(16)\/if_mi/MUX_i/ : Warning: NUMERIC_STD.TO_INTEGER: metavalue detected, returning 0
at 10 ns(3), Instance /tb_dlx_pm/uut/DLX/BTB_cache/RotReg/\gen_mux(17)\/if_mi/MUX_i/ : Warning: NUMERIC_STD.TO_INTEGER: metavalue detected, returning 0
at 10 ns(3), Instance /tb_dlx_pm/uut/DLX/BTB_cache/RotReg/\gen_mux(18)\/if_mi/MUX_i/ : Warning: NUMERIC_STD.TO_INTEGER: metavalue detected, returning 0
at 10 ns(3), Instance /tb_dlx_pm/uut/DLX/BTB_cache/RotReg/\gen_mux(19)\/if_mi/MUX_i/ : Warning: NUMERIC_STD.TO_INTEGER: metavalue detected, returning 0
at 10 ns(3), Instance /tb_dlx_pm/uut/DLX/BTB_cache/RotReg/\gen_mux(20)\/if_mi/MUX_i/ : Warning: NUMERIC_STD.TO_INTEGER: metavalue detected, returning 0
at 10 ns(3), Instance /tb_dlx_pm/uut/DLX/BTB_cache/RotReg/\gen_mux(21)\/if_mi/MUX_i/ : Warning: NUMERIC_STD.TO_INTEGER: metavalue detected, returning 0
at 10 ns(3), Instance /tb_dlx_pm/uut/DLX/BTB_cache/RotReg/\gen_mux(22)\/if_mi/MUX_i/ : Warning: NUMERIC_STD.TO_INTEGER: metavalue detected, returning 0
at 10 ns(3), Instance /tb_dlx_pm/uut/DLX/BTB_cache/RotReg/\gen_mux(23)\/if_mi/MUX_i/ : Warning: NUMERIC_STD.TO_INTEGER: metavalue detected, returning 0
at 10 ns(3), Instance /tb_dlx_pm/uut/DLX/BTB_cache/RotReg/\gen_mux(24)\/if_mi/MUX_i/ : Warning: NUMERIC_STD.TO_INTEGER: metavalue detected, returning 0
at 10 ns(3), Instance /tb_dlx_pm/uut/DLX/BTB_cache/RotReg/\gen_mux(25)\/if_mi/MUX_i/ : Warning: NUMERIC_STD.TO_INTEGER: metavalue detected, returning 0
at 10 ns(3), Instance /tb_dlx_pm/uut/DLX/BTB_cache/RotReg/\gen_mux(26)\/if_mi/MUX_i/ : Warning: NUMERIC_STD.TO_INTEGER: metavalue detected, returning 0
at 10 ns(3), Instance /tb_dlx_pm/uut/DLX/BTB_cache/RotReg/\gen_mux(27)\/if_mi/MUX_i/ : Warning: NUMERIC_STD.TO_INTEGER: metavalue detected, returning 0
at 10 ns(3), Instance /tb_dlx_pm/uut/DLX/BTB_cache/RotReg/\gen_mux(28)\/if_mi/MUX_i/ : Warning: NUMERIC_STD.TO_INTEGER: metavalue detected, returning 0
at 10 ns(3), Instance /tb_dlx_pm/uut/DLX/BTB_cache/RotReg/\gen_mux(29)\/if_mi/MUX_i/ : Warning: NUMERIC_STD.TO_INTEGER: metavalue detected, returning 0
at 10 ns(3), Instance /tb_dlx_pm/uut/DLX/BTB_cache/RotReg/\gen_mux(30)\/if_mi/MUX_i/ : Warning: NUMERIC_STD.TO_INTEGER: metavalue detected, returning 0
at 10 ns(3), Instance /tb_dlx_pm/uut/DLX/BTB_cache/RotReg/\gen_mux(31)\/if_mi/MUX_i/ : Warning: NUMERIC_STD.TO_INTEGER: metavalue detected, returning 0
at 10 ns(4), Instance /tb_dlx_pm/uut/DLX/BTB_cache/RotReg/\gen_mux(0)\/if_m0/MUX_0/ : Warning: NUMERIC_STD.TO_INTEGER: metavalue detected, returning 0
at 10 ns(4), Instance /tb_dlx_pm/uut/DLX/BTB_cache/RotReg/\gen_mux(1)\/if_mi/MUX_i/ : Warning: NUMERIC_STD.TO_INTEGER: metavalue detected, returning 0
at 10 ns(4), Instance /tb_dlx_pm/uut/DLX/BTB_cache/RotReg/\gen_mux(2)\/if_mi/MUX_i/ : Warning: NUMERIC_STD.TO_INTEGER: metavalue detected, returning 0
at 10 ns(4), Instance /tb_dlx_pm/uut/DLX/BTB_cache/RotReg/\gen_mux(3)\/if_mi/MUX_i/ : Warning: NUMERIC_STD.TO_INTEGER: metavalue detected, returning 0
at 10 ns(4), Instance /tb_dlx_pm/uut/DLX/BTB_cache/RotReg/\gen_mux(4)\/if_mi/MUX_i/ : Warning: NUMERIC_STD.TO_INTEGER: metavalue detected, returning 0
at 10 ns(4), Instance /tb_dlx_pm/uut/DLX/BTB_cache/RotReg/\gen_mux(5)\/if_mi/MUX_i/ : Warning: NUMERIC_STD.TO_INTEGER: metavalue detected, returning 0
at 10 ns(4), Instance /tb_dlx_pm/uut/DLX/BTB_cache/RotReg/\gen_mux(6)\/if_mi/MUX_i/ : Warning: NUMERIC_STD.TO_INTEGER: metavalue detected, returning 0
at 10 ns(4), Instance /tb_dlx_pm/uut/DLX/BTB_cache/RotReg/\gen_mux(7)\/if_mi/MUX_i/ : Warning: NUMERIC_STD.TO_INTEGER: metavalue detected, returning 0
at 10 ns(4), Instance /tb_dlx_pm/uut/DLX/BTB_cache/RotReg/\gen_mux(8)\/if_mi/MUX_i/ : Warning: NUMERIC_STD.TO_INTEGER: metavalue detected, returning 0
at 10 ns(4), Instance /tb_dlx_pm/uut/DLX/BTB_cache/RotReg/\gen_mux(9)\/if_mi/MUX_i/ : Warning: NUMERIC_STD.TO_INTEGER: metavalue detected, returning 0
at 10 ns(4), Instance /tb_dlx_pm/uut/DLX/BTB_cache/RotReg/\gen_mux(10)\/if_mi/MUX_i/ : Warning: NUMERIC_STD.TO_INTEGER: metavalue detected, returning 0
at 10 ns(4), Instance /tb_dlx_pm/uut/DLX/BTB_cache/RotReg/\gen_mux(11)\/if_mi/MUX_i/ : Warning: NUMERIC_STD.TO_INTEGER: metavalue detected, returning 0
at 10 ns(4), Instance /tb_dlx_pm/uut/DLX/BTB_cache/RotReg/\gen_mux(12)\/if_mi/MUX_i/ : Warning: NUMERIC_STD.TO_INTEGER: metavalue detected, returning 0
at 10 ns(4), Instance /tb_dlx_pm/uut/DLX/BTB_cache/RotReg/\gen_mux(13)\/if_mi/MUX_i/ : Warning: NUMERIC_STD.TO_INTEGER: metavalue detected, returning 0
at 10 ns(4), Instance /tb_dlx_pm/uut/DLX/BTB_cache/RotReg/\gen_mux(14)\/if_mi/MUX_i/ : Warning: NUMERIC_STD.TO_INTEGER: metavalue detected, returning 0
at 10 ns(4), Instance /tb_dlx_pm/uut/DLX/BTB_cache/RotReg/\gen_mux(15)\/if_mi/MUX_i/ : Warning: NUMERIC_STD.TO_INTEGER: metavalue detected, returning 0
at 10 ns(4), Instance /tb_dlx_pm/uut/DLX/BTB_cache/RotReg/\gen_mux(16)\/if_mi/MUX_i/ : Warning: NUMERIC_STD.TO_INTEGER: metavalue detected, returning 0
at 10 ns(4), Instance /tb_dlx_pm/uut/DLX/BTB_cache/RotReg/\gen_mux(17)\/if_mi/MUX_i/ : Warning: NUMERIC_STD.TO_INTEGER: metavalue detected, returning 0
at 10 ns(4), Instance /tb_dlx_pm/uut/DLX/BTB_cache/RotReg/\gen_mux(18)\/if_mi/MUX_i/ : Warning: NUMERIC_STD.TO_INTEGER: metavalue detected, returning 0
at 10 ns(4), Instance /tb_dlx_pm/uut/DLX/BTB_cache/RotReg/\gen_mux(19)\/if_mi/MUX_i/ : Warning: NUMERIC_STD.TO_INTEGER: metavalue detected, returning 0
at 10 ns(4), Instance /tb_dlx_pm/uut/DLX/BTB_cache/RotReg/\gen_mux(20)\/if_mi/MUX_i/ : Warning: NUMERIC_STD.TO_INTEGER: metavalue detected, returning 0
at 10 ns(4), Instance /tb_dlx_pm/uut/DLX/BTB_cache/RotReg/\gen_mux(21)\/if_mi/MUX_i/ : Warning: NUMERIC_STD.TO_INTEGER: metavalue detected, returning 0
at 10 ns(4), Instance /tb_dlx_pm/uut/DLX/BTB_cache/RotReg/\gen_mux(22)\/if_mi/MUX_i/ : Warning: NUMERIC_STD.TO_INTEGER: metavalue detected, returning 0
at 10 ns(4), Instance /tb_dlx_pm/uut/DLX/BTB_cache/RotReg/\gen_mux(23)\/if_mi/MUX_i/ : Warning: NUMERIC_STD.TO_INTEGER: metavalue detected, returning 0
at 10 ns(4), Instance /tb_dlx_pm/uut/DLX/BTB_cache/RotReg/\gen_mux(24)\/if_mi/MUX_i/ : Warning: NUMERIC_STD.TO_INTEGER: metavalue detected, returning 0
at 10 ns(4), Instance /tb_dlx_pm/uut/DLX/BTB_cache/RotReg/\gen_mux(25)\/if_mi/MUX_i/ : Warning: NUMERIC_STD.TO_INTEGER: metavalue detected, returning 0
at 10 ns(4), Instance /tb_dlx_pm/uut/DLX/BTB_cache/RotReg/\gen_mux(26)\/if_mi/MUX_i/ : Warning: NUMERIC_STD.TO_INTEGER: metavalue detected, returning 0
at 10 ns(4), Instance /tb_dlx_pm/uut/DLX/BTB_cache/RotReg/\gen_mux(27)\/if_mi/MUX_i/ : Warning: NUMERIC_STD.TO_INTEGER: metavalue detected, returning 0
at 10 ns(4), Instance /tb_dlx_pm/uut/DLX/BTB_cache/RotReg/\gen_mux(28)\/if_mi/MUX_i/ : Warning: NUMERIC_STD.TO_INTEGER: metavalue detected, returning 0
at 10 ns(4), Instance /tb_dlx_pm/uut/DLX/BTB_cache/RotReg/\gen_mux(29)\/if_mi/MUX_i/ : Warning: NUMERIC_STD.TO_INTEGER: metavalue detected, returning 0
at 10 ns(4), Instance /tb_dlx_pm/uut/DLX/BTB_cache/RotReg/\gen_mux(30)\/if_mi/MUX_i/ : Warning: NUMERIC_STD.TO_INTEGER: metavalue detected, returning 0
at 10 ns(4), Instance /tb_dlx_pm/uut/DLX/BTB_cache/RotReg/\gen_mux(31)\/if_mi/MUX_i/ : Warning: NUMERIC_STD.TO_INTEGER: metavalue detected, returning 0
at 10 ns(6), Instance /tb_dlx_pm/uut/DLX/BTB_cache/RotReg/\gen_mux(0)\/if_m0/MUX_0/ : Warning: NUMERIC_STD.TO_INTEGER: metavalue detected, returning 0
at 10 ns(6), Instance /tb_dlx_pm/uut/DLX/BTB_cache/RotReg/\gen_mux(1)\/if_mi/MUX_i/ : Warning: NUMERIC_STD.TO_INTEGER: metavalue detected, returning 0
at 10 ns(6), Instance /tb_dlx_pm/uut/DLX/BTB_cache/RotReg/\gen_mux(2)\/if_mi/MUX_i/ : Warning: NUMERIC_STD.TO_INTEGER: metavalue detected, returning 0
at 10 ns(6), Instance /tb_dlx_pm/uut/DLX/BTB_cache/RotReg/\gen_mux(3)\/if_mi/MUX_i/ : Warning: NUMERIC_STD.TO_INTEGER: metavalue detected, returning 0
at 10 ns(6), Instance /tb_dlx_pm/uut/DLX/BTB_cache/RotReg/\gen_mux(4)\/if_mi/MUX_i/ : Warning: NUMERIC_STD.TO_INTEGER: metavalue detected, returning 0
at 10 ns(6), Instance /tb_dlx_pm/uut/DLX/BTB_cache/RotReg/\gen_mux(5)\/if_mi/MUX_i/ : Warning: NUMERIC_STD.TO_INTEGER: metavalue detected, returning 0
at 10 ns(6), Instance /tb_dlx_pm/uut/DLX/BTB_cache/RotReg/\gen_mux(6)\/if_mi/MUX_i/ : Warning: NUMERIC_STD.TO_INTEGER: metavalue detected, returning 0
at 10 ns(6), Instance /tb_dlx_pm/uut/DLX/BTB_cache/RotReg/\gen_mux(7)\/if_mi/MUX_i/ : Warning: NUMERIC_STD.TO_INTEGER: metavalue detected, returning 0
at 10 ns(6), Instance /tb_dlx_pm/uut/DLX/BTB_cache/RotReg/\gen_mux(8)\/if_mi/MUX_i/ : Warning: NUMERIC_STD.TO_INTEGER: metavalue detected, returning 0
at 10 ns(6), Instance /tb_dlx_pm/uut/DLX/BTB_cache/RotReg/\gen_mux(9)\/if_mi/MUX_i/ : Warning: NUMERIC_STD.TO_INTEGER: metavalue detected, returning 0
at 10 ns(6), Instance /tb_dlx_pm/uut/DLX/BTB_cache/RotReg/\gen_mux(10)\/if_mi/MUX_i/ : Warning: NUMERIC_STD.TO_INTEGER: metavalue detected, returning 0
at 10 ns(6), Instance /tb_dlx_pm/uut/DLX/BTB_cache/RotReg/\gen_mux(11)\/if_mi/MUX_i/ : Warning: NUMERIC_STD.TO_INTEGER: metavalue detected, returning 0
at 10 ns(6), Instance /tb_dlx_pm/uut/DLX/BTB_cache/RotReg/\gen_mux(12)\/if_mi/MUX_i/ : Warning: NUMERIC_STD.TO_INTEGER: metavalue detected, returning 0
at 10 ns(6), Instance /tb_dlx_pm/uut/DLX/BTB_cache/RotReg/\gen_mux(13)\/if_mi/MUX_i/ : Warning: NUMERIC_STD.TO_INTEGER: metavalue detected, returning 0
at 10 ns(6), Instance /tb_dlx_pm/uut/DLX/BTB_cache/RotReg/\gen_mux(14)\/if_mi/MUX_i/ : Warning: NUMERIC_STD.TO_INTEGER: metavalue detected, returning 0
at 10 ns(6), Instance /tb_dlx_pm/uut/DLX/BTB_cache/RotReg/\gen_mux(15)\/if_mi/MUX_i/ : Warning: NUMERIC_STD.TO_INTEGER: metavalue detected, returning 0
at 10 ns(6), Instance /tb_dlx_pm/uut/DLX/BTB_cache/RotReg/\gen_mux(16)\/if_mi/MUX_i/ : Warning: NUMERIC_STD.TO_INTEGER: metavalue detected, returning 0
at 10 ns(6), Instance /tb_dlx_pm/uut/DLX/BTB_cache/RotReg/\gen_mux(17)\/if_mi/MUX_i/ : Warning: NUMERIC_STD.TO_INTEGER: metavalue detected, returning 0
at 10 ns(6), Instance /tb_dlx_pm/uut/DLX/BTB_cache/RotReg/\gen_mux(18)\/if_mi/MUX_i/ : Warning: NUMERIC_STD.TO_INTEGER: metavalue detected, returning 0
at 10 ns(6), Instance /tb_dlx_pm/uut/DLX/BTB_cache/RotReg/\gen_mux(19)\/if_mi/MUX_i/ : Warning: NUMERIC_STD.TO_INTEGER: metavalue detected, returning 0
at 10 ns(6), Instance /tb_dlx_pm/uut/DLX/BTB_cache/RotReg/\gen_mux(20)\/if_mi/MUX_i/ : Warning: NUMERIC_STD.TO_INTEGER: metavalue detected, returning 0
at 10 ns(6), Instance /tb_dlx_pm/uut/DLX/BTB_cache/RotReg/\gen_mux(21)\/if_mi/MUX_i/ : Warning: NUMERIC_STD.TO_INTEGER: metavalue detected, returning 0
at 10 ns(6), Instance /tb_dlx_pm/uut/DLX/BTB_cache/RotReg/\gen_mux(22)\/if_mi/MUX_i/ : Warning: NUMERIC_STD.TO_INTEGER: metavalue detected, returning 0
at 10 ns(6), Instance /tb_dlx_pm/uut/DLX/BTB_cache/RotReg/\gen_mux(23)\/if_mi/MUX_i/ : Warning: NUMERIC_STD.TO_INTEGER: metavalue detected, returning 0
at 10 ns(6), Instance /tb_dlx_pm/uut/DLX/BTB_cache/RotReg/\gen_mux(24)\/if_mi/MUX_i/ : Warning: NUMERIC_STD.TO_INTEGER: metavalue detected, returning 0
at 10 ns(6), Instance /tb_dlx_pm/uut/DLX/BTB_cache/RotReg/\gen_mux(25)\/if_mi/MUX_i/ : Warning: NUMERIC_STD.TO_INTEGER: metavalue detected, returning 0
at 10 ns(6), Instance /tb_dlx_pm/uut/DLX/BTB_cache/RotReg/\gen_mux(26)\/if_mi/MUX_i/ : Warning: NUMERIC_STD.TO_INTEGER: metavalue detected, returning 0
at 10 ns(6), Instance /tb_dlx_pm/uut/DLX/BTB_cache/RotReg/\gen_mux(27)\/if_mi/MUX_i/ : Warning: NUMERIC_STD.TO_INTEGER: metavalue detected, returning 0
at 10 ns(6), Instance /tb_dlx_pm/uut/DLX/BTB_cache/RotReg/\gen_mux(28)\/if_mi/MUX_i/ : Warning: NUMERIC_STD.TO_INTEGER: metavalue detected, returning 0
at 10 ns(6), Instance /tb_dlx_pm/uut/DLX/BTB_cache/RotReg/\gen_mux(29)\/if_mi/MUX_i/ : Warning: NUMERIC_STD.TO_INTEGER: metavalue detected, returning 0
at 10 ns(6), Instance /tb_dlx_pm/uut/DLX/BTB_cache/RotReg/\gen_mux(30)\/if_mi/MUX_i/ : Warning: NUMERIC_STD.TO_INTEGER: metavalue detected, returning 0
at 10 ns(6), Instance /tb_dlx_pm/uut/DLX/BTB_cache/RotReg/\gen_mux(31)\/if_mi/MUX_i/ : Warning: NUMERIC_STD.TO_INTEGER: metavalue detected, returning 0
# restart
# run 200 ns
Simulator is doing circuit initialization process.
at 0 ps, Instance /tb_dlx_pm/uut/DLX/BTB_cache/MuxSat/ : Warning: NUMERIC_STD.TO_INTEGER: metavalue detected, returning 0
Finished circuit initialization process.
at 0 ps: Error: Textio read:: called on empty string or line
at 0 ps: Error: HREAD Error: Read a '?', expected a Hex character (0-F).
at 10 ns(3), Instance /tb_dlx_pm/uut/DLX/BTB_cache/RotReg/\gen_mux(0)\/if_m0/MUX_0/ : Warning: NUMERIC_STD.TO_INTEGER: metavalue detected, returning 0
at 10 ns(3), Instance /tb_dlx_pm/uut/DLX/BTB_cache/RotReg/\gen_mux(1)\/if_mi/MUX_i/ : Warning: NUMERIC_STD.TO_INTEGER: metavalue detected, returning 0
at 10 ns(3), Instance /tb_dlx_pm/uut/DLX/BTB_cache/RotReg/\gen_mux(2)\/if_mi/MUX_i/ : Warning: NUMERIC_STD.TO_INTEGER: metavalue detected, returning 0
at 10 ns(3), Instance /tb_dlx_pm/uut/DLX/BTB_cache/RotReg/\gen_mux(3)\/if_mi/MUX_i/ : Warning: NUMERIC_STD.TO_INTEGER: metavalue detected, returning 0
at 10 ns(3), Instance /tb_dlx_pm/uut/DLX/BTB_cache/RotReg/\gen_mux(4)\/if_mi/MUX_i/ : Warning: NUMERIC_STD.TO_INTEGER: metavalue detected, returning 0
at 10 ns(3), Instance /tb_dlx_pm/uut/DLX/BTB_cache/RotReg/\gen_mux(5)\/if_mi/MUX_i/ : Warning: NUMERIC_STD.TO_INTEGER: metavalue detected, returning 0
at 10 ns(3), Instance /tb_dlx_pm/uut/DLX/BTB_cache/RotReg/\gen_mux(6)\/if_mi/MUX_i/ : Warning: NUMERIC_STD.TO_INTEGER: metavalue detected, returning 0
at 10 ns(3), Instance /tb_dlx_pm/uut/DLX/BTB_cache/RotReg/\gen_mux(7)\/if_mi/MUX_i/ : Warning: NUMERIC_STD.TO_INTEGER: metavalue detected, returning 0
at 10 ns(3), Instance /tb_dlx_pm/uut/DLX/BTB_cache/RotReg/\gen_mux(8)\/if_mi/MUX_i/ : Warning: NUMERIC_STD.TO_INTEGER: metavalue detected, returning 0
at 10 ns(3), Instance /tb_dlx_pm/uut/DLX/BTB_cache/RotReg/\gen_mux(9)\/if_mi/MUX_i/ : Warning: NUMERIC_STD.TO_INTEGER: metavalue detected, returning 0
at 10 ns(3), Instance /tb_dlx_pm/uut/DLX/BTB_cache/RotReg/\gen_mux(10)\/if_mi/MUX_i/ : Warning: NUMERIC_STD.TO_INTEGER: metavalue detected, returning 0
at 10 ns(3), Instance /tb_dlx_pm/uut/DLX/BTB_cache/RotReg/\gen_mux(11)\/if_mi/MUX_i/ : Warning: NUMERIC_STD.TO_INTEGER: metavalue detected, returning 0
at 10 ns(3), Instance /tb_dlx_pm/uut/DLX/BTB_cache/RotReg/\gen_mux(12)\/if_mi/MUX_i/ : Warning: NUMERIC_STD.TO_INTEGER: metavalue detected, returning 0
at 10 ns(3), Instance /tb_dlx_pm/uut/DLX/BTB_cache/RotReg/\gen_mux(13)\/if_mi/MUX_i/ : Warning: NUMERIC_STD.TO_INTEGER: metavalue detected, returning 0
at 10 ns(3), Instance /tb_dlx_pm/uut/DLX/BTB_cache/RotReg/\gen_mux(14)\/if_mi/MUX_i/ : Warning: NUMERIC_STD.TO_INTEGER: metavalue detected, returning 0
at 10 ns(3), Instance /tb_dlx_pm/uut/DLX/BTB_cache/RotReg/\gen_mux(15)\/if_mi/MUX_i/ : Warning: NUMERIC_STD.TO_INTEGER: metavalue detected, returning 0
at 10 ns(3), Instance /tb_dlx_pm/uut/DLX/BTB_cache/RotReg/\gen_mux(16)\/if_mi/MUX_i/ : Warning: NUMERIC_STD.TO_INTEGER: metavalue detected, returning 0
at 10 ns(3), Instance /tb_dlx_pm/uut/DLX/BTB_cache/RotReg/\gen_mux(17)\/if_mi/MUX_i/ : Warning: NUMERIC_STD.TO_INTEGER: metavalue detected, returning 0
at 10 ns(3), Instance /tb_dlx_pm/uut/DLX/BTB_cache/RotReg/\gen_mux(18)\/if_mi/MUX_i/ : Warning: NUMERIC_STD.TO_INTEGER: metavalue detected, returning 0
at 10 ns(3), Instance /tb_dlx_pm/uut/DLX/BTB_cache/RotReg/\gen_mux(19)\/if_mi/MUX_i/ : Warning: NUMERIC_STD.TO_INTEGER: metavalue detected, returning 0
at 10 ns(3), Instance /tb_dlx_pm/uut/DLX/BTB_cache/RotReg/\gen_mux(20)\/if_mi/MUX_i/ : Warning: NUMERIC_STD.TO_INTEGER: metavalue detected, returning 0
at 10 ns(3), Instance /tb_dlx_pm/uut/DLX/BTB_cache/RotReg/\gen_mux(21)\/if_mi/MUX_i/ : Warning: NUMERIC_STD.TO_INTEGER: metavalue detected, returning 0
at 10 ns(3), Instance /tb_dlx_pm/uut/DLX/BTB_cache/RotReg/\gen_mux(22)\/if_mi/MUX_i/ : Warning: NUMERIC_STD.TO_INTEGER: metavalue detected, returning 0
at 10 ns(3), Instance /tb_dlx_pm/uut/DLX/BTB_cache/RotReg/\gen_mux(23)\/if_mi/MUX_i/ : Warning: NUMERIC_STD.TO_INTEGER: metavalue detected, returning 0
at 10 ns(3), Instance /tb_dlx_pm/uut/DLX/BTB_cache/RotReg/\gen_mux(24)\/if_mi/MUX_i/ : Warning: NUMERIC_STD.TO_INTEGER: metavalue detected, returning 0
at 10 ns(3), Instance /tb_dlx_pm/uut/DLX/BTB_cache/RotReg/\gen_mux(25)\/if_mi/MUX_i/ : Warning: NUMERIC_STD.TO_INTEGER: metavalue detected, returning 0
at 10 ns(3), Instance /tb_dlx_pm/uut/DLX/BTB_cache/RotReg/\gen_mux(26)\/if_mi/MUX_i/ : Warning: NUMERIC_STD.TO_INTEGER: metavalue detected, returning 0
at 10 ns(3), Instance /tb_dlx_pm/uut/DLX/BTB_cache/RotReg/\gen_mux(27)\/if_mi/MUX_i/ : Warning: NUMERIC_STD.TO_INTEGER: metavalue detected, returning 0
at 10 ns(3), Instance /tb_dlx_pm/uut/DLX/BTB_cache/RotReg/\gen_mux(28)\/if_mi/MUX_i/ : Warning: NUMERIC_STD.TO_INTEGER: metavalue detected, returning 0
at 10 ns(3), Instance /tb_dlx_pm/uut/DLX/BTB_cache/RotReg/\gen_mux(29)\/if_mi/MUX_i/ : Warning: NUMERIC_STD.TO_INTEGER: metavalue detected, returning 0
at 10 ns(3), Instance /tb_dlx_pm/uut/DLX/BTB_cache/RotReg/\gen_mux(30)\/if_mi/MUX_i/ : Warning: NUMERIC_STD.TO_INTEGER: metavalue detected, returning 0
at 10 ns(3), Instance /tb_dlx_pm/uut/DLX/BTB_cache/RotReg/\gen_mux(31)\/if_mi/MUX_i/ : Warning: NUMERIC_STD.TO_INTEGER: metavalue detected, returning 0
at 10 ns(4), Instance /tb_dlx_pm/uut/DLX/BTB_cache/RotReg/\gen_mux(0)\/if_m0/MUX_0/ : Warning: NUMERIC_STD.TO_INTEGER: metavalue detected, returning 0
at 10 ns(4), Instance /tb_dlx_pm/uut/DLX/BTB_cache/RotReg/\gen_mux(1)\/if_mi/MUX_i/ : Warning: NUMERIC_STD.TO_INTEGER: metavalue detected, returning 0
at 10 ns(4), Instance /tb_dlx_pm/uut/DLX/BTB_cache/RotReg/\gen_mux(2)\/if_mi/MUX_i/ : Warning: NUMERIC_STD.TO_INTEGER: metavalue detected, returning 0
at 10 ns(4), Instance /tb_dlx_pm/uut/DLX/BTB_cache/RotReg/\gen_mux(3)\/if_mi/MUX_i/ : Warning: NUMERIC_STD.TO_INTEGER: metavalue detected, returning 0
at 10 ns(4), Instance /tb_dlx_pm/uut/DLX/BTB_cache/RotReg/\gen_mux(4)\/if_mi/MUX_i/ : Warning: NUMERIC_STD.TO_INTEGER: metavalue detected, returning 0
at 10 ns(4), Instance /tb_dlx_pm/uut/DLX/BTB_cache/RotReg/\gen_mux(5)\/if_mi/MUX_i/ : Warning: NUMERIC_STD.TO_INTEGER: metavalue detected, returning 0
at 10 ns(4), Instance /tb_dlx_pm/uut/DLX/BTB_cache/RotReg/\gen_mux(6)\/if_mi/MUX_i/ : Warning: NUMERIC_STD.TO_INTEGER: metavalue detected, returning 0
at 10 ns(4), Instance /tb_dlx_pm/uut/DLX/BTB_cache/RotReg/\gen_mux(7)\/if_mi/MUX_i/ : Warning: NUMERIC_STD.TO_INTEGER: metavalue detected, returning 0
at 10 ns(4), Instance /tb_dlx_pm/uut/DLX/BTB_cache/RotReg/\gen_mux(8)\/if_mi/MUX_i/ : Warning: NUMERIC_STD.TO_INTEGER: metavalue detected, returning 0
at 10 ns(4), Instance /tb_dlx_pm/uut/DLX/BTB_cache/RotReg/\gen_mux(9)\/if_mi/MUX_i/ : Warning: NUMERIC_STD.TO_INTEGER: metavalue detected, returning 0
at 10 ns(4), Instance /tb_dlx_pm/uut/DLX/BTB_cache/RotReg/\gen_mux(10)\/if_mi/MUX_i/ : Warning: NUMERIC_STD.TO_INTEGER: metavalue detected, returning 0
at 10 ns(4), Instance /tb_dlx_pm/uut/DLX/BTB_cache/RotReg/\gen_mux(11)\/if_mi/MUX_i/ : Warning: NUMERIC_STD.TO_INTEGER: metavalue detected, returning 0
at 10 ns(4), Instance /tb_dlx_pm/uut/DLX/BTB_cache/RotReg/\gen_mux(12)\/if_mi/MUX_i/ : Warning: NUMERIC_STD.TO_INTEGER: metavalue detected, returning 0
at 10 ns(4), Instance /tb_dlx_pm/uut/DLX/BTB_cache/RotReg/\gen_mux(13)\/if_mi/MUX_i/ : Warning: NUMERIC_STD.TO_INTEGER: metavalue detected, returning 0
at 10 ns(4), Instance /tb_dlx_pm/uut/DLX/BTB_cache/RotReg/\gen_mux(14)\/if_mi/MUX_i/ : Warning: NUMERIC_STD.TO_INTEGER: metavalue detected, returning 0
at 10 ns(4), Instance /tb_dlx_pm/uut/DLX/BTB_cache/RotReg/\gen_mux(15)\/if_mi/MUX_i/ : Warning: NUMERIC_STD.TO_INTEGER: metavalue detected, returning 0
at 10 ns(4), Instance /tb_dlx_pm/uut/DLX/BTB_cache/RotReg/\gen_mux(16)\/if_mi/MUX_i/ : Warning: NUMERIC_STD.TO_INTEGER: metavalue detected, returning 0
at 10 ns(4), Instance /tb_dlx_pm/uut/DLX/BTB_cache/RotReg/\gen_mux(17)\/if_mi/MUX_i/ : Warning: NUMERIC_STD.TO_INTEGER: metavalue detected, returning 0
at 10 ns(4), Instance /tb_dlx_pm/uut/DLX/BTB_cache/RotReg/\gen_mux(18)\/if_mi/MUX_i/ : Warning: NUMERIC_STD.TO_INTEGER: metavalue detected, returning 0
at 10 ns(4), Instance /tb_dlx_pm/uut/DLX/BTB_cache/RotReg/\gen_mux(19)\/if_mi/MUX_i/ : Warning: NUMERIC_STD.TO_INTEGER: metavalue detected, returning 0
at 10 ns(4), Instance /tb_dlx_pm/uut/DLX/BTB_cache/RotReg/\gen_mux(20)\/if_mi/MUX_i/ : Warning: NUMERIC_STD.TO_INTEGER: metavalue detected, returning 0
at 10 ns(4), Instance /tb_dlx_pm/uut/DLX/BTB_cache/RotReg/\gen_mux(21)\/if_mi/MUX_i/ : Warning: NUMERIC_STD.TO_INTEGER: metavalue detected, returning 0
at 10 ns(4), Instance /tb_dlx_pm/uut/DLX/BTB_cache/RotReg/\gen_mux(22)\/if_mi/MUX_i/ : Warning: NUMERIC_STD.TO_INTEGER: metavalue detected, returning 0
at 10 ns(4), Instance /tb_dlx_pm/uut/DLX/BTB_cache/RotReg/\gen_mux(23)\/if_mi/MUX_i/ : Warning: NUMERIC_STD.TO_INTEGER: metavalue detected, returning 0
at 10 ns(4), Instance /tb_dlx_pm/uut/DLX/BTB_cache/RotReg/\gen_mux(24)\/if_mi/MUX_i/ : Warning: NUMERIC_STD.TO_INTEGER: metavalue detected, returning 0
at 10 ns(4), Instance /tb_dlx_pm/uut/DLX/BTB_cache/RotReg/\gen_mux(25)\/if_mi/MUX_i/ : Warning: NUMERIC_STD.TO_INTEGER: metavalue detected, returning 0
at 10 ns(4), Instance /tb_dlx_pm/uut/DLX/BTB_cache/RotReg/\gen_mux(26)\/if_mi/MUX_i/ : Warning: NUMERIC_STD.TO_INTEGER: metavalue detected, returning 0
at 10 ns(4), Instance /tb_dlx_pm/uut/DLX/BTB_cache/RotReg/\gen_mux(27)\/if_mi/MUX_i/ : Warning: NUMERIC_STD.TO_INTEGER: metavalue detected, returning 0
at 10 ns(4), Instance /tb_dlx_pm/uut/DLX/BTB_cache/RotReg/\gen_mux(28)\/if_mi/MUX_i/ : Warning: NUMERIC_STD.TO_INTEGER: metavalue detected, returning 0
at 10 ns(4), Instance /tb_dlx_pm/uut/DLX/BTB_cache/RotReg/\gen_mux(29)\/if_mi/MUX_i/ : Warning: NUMERIC_STD.TO_INTEGER: metavalue detected, returning 0
at 10 ns(4), Instance /tb_dlx_pm/uut/DLX/BTB_cache/RotReg/\gen_mux(30)\/if_mi/MUX_i/ : Warning: NUMERIC_STD.TO_INTEGER: metavalue detected, returning 0
at 10 ns(4), Instance /tb_dlx_pm/uut/DLX/BTB_cache/RotReg/\gen_mux(31)\/if_mi/MUX_i/ : Warning: NUMERIC_STD.TO_INTEGER: metavalue detected, returning 0
at 10 ns(6), Instance /tb_dlx_pm/uut/DLX/BTB_cache/RotReg/\gen_mux(0)\/if_m0/MUX_0/ : Warning: NUMERIC_STD.TO_INTEGER: metavalue detected, returning 0
at 10 ns(6), Instance /tb_dlx_pm/uut/DLX/BTB_cache/RotReg/\gen_mux(1)\/if_mi/MUX_i/ : Warning: NUMERIC_STD.TO_INTEGER: metavalue detected, returning 0
at 10 ns(6), Instance /tb_dlx_pm/uut/DLX/BTB_cache/RotReg/\gen_mux(2)\/if_mi/MUX_i/ : Warning: NUMERIC_STD.TO_INTEGER: metavalue detected, returning 0
at 10 ns(6), Instance /tb_dlx_pm/uut/DLX/BTB_cache/RotReg/\gen_mux(3)\/if_mi/MUX_i/ : Warning: NUMERIC_STD.TO_INTEGER: metavalue detected, returning 0
at 10 ns(6), Instance /tb_dlx_pm/uut/DLX/BTB_cache/RotReg/\gen_mux(4)\/if_mi/MUX_i/ : Warning: NUMERIC_STD.TO_INTEGER: metavalue detected, returning 0
at 10 ns(6), Instance /tb_dlx_pm/uut/DLX/BTB_cache/RotReg/\gen_mux(5)\/if_mi/MUX_i/ : Warning: NUMERIC_STD.TO_INTEGER: metavalue detected, returning 0
at 10 ns(6), Instance /tb_dlx_pm/uut/DLX/BTB_cache/RotReg/\gen_mux(6)\/if_mi/MUX_i/ : Warning: NUMERIC_STD.TO_INTEGER: metavalue detected, returning 0
at 10 ns(6), Instance /tb_dlx_pm/uut/DLX/BTB_cache/RotReg/\gen_mux(7)\/if_mi/MUX_i/ : Warning: NUMERIC_STD.TO_INTEGER: metavalue detected, returning 0
at 10 ns(6), Instance /tb_dlx_pm/uut/DLX/BTB_cache/RotReg/\gen_mux(8)\/if_mi/MUX_i/ : Warning: NUMERIC_STD.TO_INTEGER: metavalue detected, returning 0
at 10 ns(6), Instance /tb_dlx_pm/uut/DLX/BTB_cache/RotReg/\gen_mux(9)\/if_mi/MUX_i/ : Warning: NUMERIC_STD.TO_INTEGER: metavalue detected, returning 0
at 10 ns(6), Instance /tb_dlx_pm/uut/DLX/BTB_cache/RotReg/\gen_mux(10)\/if_mi/MUX_i/ : Warning: NUMERIC_STD.TO_INTEGER: metavalue detected, returning 0
at 10 ns(6), Instance /tb_dlx_pm/uut/DLX/BTB_cache/RotReg/\gen_mux(11)\/if_mi/MUX_i/ : Warning: NUMERIC_STD.TO_INTEGER: metavalue detected, returning 0
at 10 ns(6), Instance /tb_dlx_pm/uut/DLX/BTB_cache/RotReg/\gen_mux(12)\/if_mi/MUX_i/ : Warning: NUMERIC_STD.TO_INTEGER: metavalue detected, returning 0
at 10 ns(6), Instance /tb_dlx_pm/uut/DLX/BTB_cache/RotReg/\gen_mux(13)\/if_mi/MUX_i/ : Warning: NUMERIC_STD.TO_INTEGER: metavalue detected, returning 0
at 10 ns(6), Instance /tb_dlx_pm/uut/DLX/BTB_cache/RotReg/\gen_mux(14)\/if_mi/MUX_i/ : Warning: NUMERIC_STD.TO_INTEGER: metavalue detected, returning 0
at 10 ns(6), Instance /tb_dlx_pm/uut/DLX/BTB_cache/RotReg/\gen_mux(15)\/if_mi/MUX_i/ : Warning: NUMERIC_STD.TO_INTEGER: metavalue detected, returning 0
at 10 ns(6), Instance /tb_dlx_pm/uut/DLX/BTB_cache/RotReg/\gen_mux(16)\/if_mi/MUX_i/ : Warning: NUMERIC_STD.TO_INTEGER: metavalue detected, returning 0
at 10 ns(6), Instance /tb_dlx_pm/uut/DLX/BTB_cache/RotReg/\gen_mux(17)\/if_mi/MUX_i/ : Warning: NUMERIC_STD.TO_INTEGER: metavalue detected, returning 0
at 10 ns(6), Instance /tb_dlx_pm/uut/DLX/BTB_cache/RotReg/\gen_mux(18)\/if_mi/MUX_i/ : Warning: NUMERIC_STD.TO_INTEGER: metavalue detected, returning 0
at 10 ns(6), Instance /tb_dlx_pm/uut/DLX/BTB_cache/RotReg/\gen_mux(19)\/if_mi/MUX_i/ : Warning: NUMERIC_STD.TO_INTEGER: metavalue detected, returning 0
at 10 ns(6), Instance /tb_dlx_pm/uut/DLX/BTB_cache/RotReg/\gen_mux(20)\/if_mi/MUX_i/ : Warning: NUMERIC_STD.TO_INTEGER: metavalue detected, returning 0
at 10 ns(6), Instance /tb_dlx_pm/uut/DLX/BTB_cache/RotReg/\gen_mux(21)\/if_mi/MUX_i/ : Warning: NUMERIC_STD.TO_INTEGER: metavalue detected, returning 0
at 10 ns(6), Instance /tb_dlx_pm/uut/DLX/BTB_cache/RotReg/\gen_mux(22)\/if_mi/MUX_i/ : Warning: NUMERIC_STD.TO_INTEGER: metavalue detected, returning 0
at 10 ns(6), Instance /tb_dlx_pm/uut/DLX/BTB_cache/RotReg/\gen_mux(23)\/if_mi/MUX_i/ : Warning: NUMERIC_STD.TO_INTEGER: metavalue detected, returning 0
at 10 ns(6), Instance /tb_dlx_pm/uut/DLX/BTB_cache/RotReg/\gen_mux(24)\/if_mi/MUX_i/ : Warning: NUMERIC_STD.TO_INTEGER: metavalue detected, returning 0
at 10 ns(6), Instance /tb_dlx_pm/uut/DLX/BTB_cache/RotReg/\gen_mux(25)\/if_mi/MUX_i/ : Warning: NUMERIC_STD.TO_INTEGER: metavalue detected, returning 0
at 10 ns(6), Instance /tb_dlx_pm/uut/DLX/BTB_cache/RotReg/\gen_mux(26)\/if_mi/MUX_i/ : Warning: NUMERIC_STD.TO_INTEGER: metavalue detected, returning 0
at 10 ns(6), Instance /tb_dlx_pm/uut/DLX/BTB_cache/RotReg/\gen_mux(27)\/if_mi/MUX_i/ : Warning: NUMERIC_STD.TO_INTEGER: metavalue detected, returning 0
at 10 ns(6), Instance /tb_dlx_pm/uut/DLX/BTB_cache/RotReg/\gen_mux(28)\/if_mi/MUX_i/ : Warning: NUMERIC_STD.TO_INTEGER: metavalue detected, returning 0
at 10 ns(6), Instance /tb_dlx_pm/uut/DLX/BTB_cache/RotReg/\gen_mux(29)\/if_mi/MUX_i/ : Warning: NUMERIC_STD.TO_INTEGER: metavalue detected, returning 0
at 10 ns(6), Instance /tb_dlx_pm/uut/DLX/BTB_cache/RotReg/\gen_mux(30)\/if_mi/MUX_i/ : Warning: NUMERIC_STD.TO_INTEGER: metavalue detected, returning 0
at 10 ns(6), Instance /tb_dlx_pm/uut/DLX/BTB_cache/RotReg/\gen_mux(31)\/if_mi/MUX_i/ : Warning: NUMERIC_STD.TO_INTEGER: metavalue detected, returning 0
# restart
# run 200 ns
Simulator is doing circuit initialization process.
at 0 ps, Instance /tb_dlx_pm/uut/DLX/BTB_cache/MuxSat/ : Warning: NUMERIC_STD.TO_INTEGER: metavalue detected, returning 0
Finished circuit initialization process.
at 0 ps: Error: Textio read:: called on empty string or line
at 0 ps: Error: HREAD Error: Read a '?', expected a Hex character (0-F).
at 10 ns(3), Instance /tb_dlx_pm/uut/DLX/BTB_cache/RotReg/\gen_mux(0)\/if_m0/MUX_0/ : Warning: NUMERIC_STD.TO_INTEGER: metavalue detected, returning 0
at 10 ns(3), Instance /tb_dlx_pm/uut/DLX/BTB_cache/RotReg/\gen_mux(1)\/if_mi/MUX_i/ : Warning: NUMERIC_STD.TO_INTEGER: metavalue detected, returning 0
at 10 ns(3), Instance /tb_dlx_pm/uut/DLX/BTB_cache/RotReg/\gen_mux(2)\/if_mi/MUX_i/ : Warning: NUMERIC_STD.TO_INTEGER: metavalue detected, returning 0
at 10 ns(3), Instance /tb_dlx_pm/uut/DLX/BTB_cache/RotReg/\gen_mux(3)\/if_mi/MUX_i/ : Warning: NUMERIC_STD.TO_INTEGER: metavalue detected, returning 0
at 10 ns(3), Instance /tb_dlx_pm/uut/DLX/BTB_cache/RotReg/\gen_mux(4)\/if_mi/MUX_i/ : Warning: NUMERIC_STD.TO_INTEGER: metavalue detected, returning 0
at 10 ns(3), Instance /tb_dlx_pm/uut/DLX/BTB_cache/RotReg/\gen_mux(5)\/if_mi/MUX_i/ : Warning: NUMERIC_STD.TO_INTEGER: metavalue detected, returning 0
at 10 ns(3), Instance /tb_dlx_pm/uut/DLX/BTB_cache/RotReg/\gen_mux(6)\/if_mi/MUX_i/ : Warning: NUMERIC_STD.TO_INTEGER: metavalue detected, returning 0
at 10 ns(3), Instance /tb_dlx_pm/uut/DLX/BTB_cache/RotReg/\gen_mux(7)\/if_mi/MUX_i/ : Warning: NUMERIC_STD.TO_INTEGER: metavalue detected, returning 0
at 10 ns(3), Instance /tb_dlx_pm/uut/DLX/BTB_cache/RotReg/\gen_mux(8)\/if_mi/MUX_i/ : Warning: NUMERIC_STD.TO_INTEGER: metavalue detected, returning 0
at 10 ns(3), Instance /tb_dlx_pm/uut/DLX/BTB_cache/RotReg/\gen_mux(9)\/if_mi/MUX_i/ : Warning: NUMERIC_STD.TO_INTEGER: metavalue detected, returning 0
at 10 ns(3), Instance /tb_dlx_pm/uut/DLX/BTB_cache/RotReg/\gen_mux(10)\/if_mi/MUX_i/ : Warning: NUMERIC_STD.TO_INTEGER: metavalue detected, returning 0
at 10 ns(3), Instance /tb_dlx_pm/uut/DLX/BTB_cache/RotReg/\gen_mux(11)\/if_mi/MUX_i/ : Warning: NUMERIC_STD.TO_INTEGER: metavalue detected, returning 0
at 10 ns(3), Instance /tb_dlx_pm/uut/DLX/BTB_cache/RotReg/\gen_mux(12)\/if_mi/MUX_i/ : Warning: NUMERIC_STD.TO_INTEGER: metavalue detected, returning 0
at 10 ns(3), Instance /tb_dlx_pm/uut/DLX/BTB_cache/RotReg/\gen_mux(13)\/if_mi/MUX_i/ : Warning: NUMERIC_STD.TO_INTEGER: metavalue detected, returning 0
at 10 ns(3), Instance /tb_dlx_pm/uut/DLX/BTB_cache/RotReg/\gen_mux(14)\/if_mi/MUX_i/ : Warning: NUMERIC_STD.TO_INTEGER: metavalue detected, returning 0
at 10 ns(3), Instance /tb_dlx_pm/uut/DLX/BTB_cache/RotReg/\gen_mux(15)\/if_mi/MUX_i/ : Warning: NUMERIC_STD.TO_INTEGER: metavalue detected, returning 0
at 10 ns(3), Instance /tb_dlx_pm/uut/DLX/BTB_cache/RotReg/\gen_mux(16)\/if_mi/MUX_i/ : Warning: NUMERIC_STD.TO_INTEGER: metavalue detected, returning 0
at 10 ns(3), Instance /tb_dlx_pm/uut/DLX/BTB_cache/RotReg/\gen_mux(17)\/if_mi/MUX_i/ : Warning: NUMERIC_STD.TO_INTEGER: metavalue detected, returning 0
at 10 ns(3), Instance /tb_dlx_pm/uut/DLX/BTB_cache/RotReg/\gen_mux(18)\/if_mi/MUX_i/ : Warning: NUMERIC_STD.TO_INTEGER: metavalue detected, returning 0
at 10 ns(3), Instance /tb_dlx_pm/uut/DLX/BTB_cache/RotReg/\gen_mux(19)\/if_mi/MUX_i/ : Warning: NUMERIC_STD.TO_INTEGER: metavalue detected, returning 0
at 10 ns(3), Instance /tb_dlx_pm/uut/DLX/BTB_cache/RotReg/\gen_mux(20)\/if_mi/MUX_i/ : Warning: NUMERIC_STD.TO_INTEGER: metavalue detected, returning 0
at 10 ns(3), Instance /tb_dlx_pm/uut/DLX/BTB_cache/RotReg/\gen_mux(21)\/if_mi/MUX_i/ : Warning: NUMERIC_STD.TO_INTEGER: metavalue detected, returning 0
at 10 ns(3), Instance /tb_dlx_pm/uut/DLX/BTB_cache/RotReg/\gen_mux(22)\/if_mi/MUX_i/ : Warning: NUMERIC_STD.TO_INTEGER: metavalue detected, returning 0
at 10 ns(3), Instance /tb_dlx_pm/uut/DLX/BTB_cache/RotReg/\gen_mux(23)\/if_mi/MUX_i/ : Warning: NUMERIC_STD.TO_INTEGER: metavalue detected, returning 0
at 10 ns(3), Instance /tb_dlx_pm/uut/DLX/BTB_cache/RotReg/\gen_mux(24)\/if_mi/MUX_i/ : Warning: NUMERIC_STD.TO_INTEGER: metavalue detected, returning 0
at 10 ns(3), Instance /tb_dlx_pm/uut/DLX/BTB_cache/RotReg/\gen_mux(25)\/if_mi/MUX_i/ : Warning: NUMERIC_STD.TO_INTEGER: metavalue detected, returning 0
at 10 ns(3), Instance /tb_dlx_pm/uut/DLX/BTB_cache/RotReg/\gen_mux(26)\/if_mi/MUX_i/ : Warning: NUMERIC_STD.TO_INTEGER: metavalue detected, returning 0
at 10 ns(3), Instance /tb_dlx_pm/uut/DLX/BTB_cache/RotReg/\gen_mux(27)\/if_mi/MUX_i/ : Warning: NUMERIC_STD.TO_INTEGER: metavalue detected, returning 0
at 10 ns(3), Instance /tb_dlx_pm/uut/DLX/BTB_cache/RotReg/\gen_mux(28)\/if_mi/MUX_i/ : Warning: NUMERIC_STD.TO_INTEGER: metavalue detected, returning 0
at 10 ns(3), Instance /tb_dlx_pm/uut/DLX/BTB_cache/RotReg/\gen_mux(29)\/if_mi/MUX_i/ : Warning: NUMERIC_STD.TO_INTEGER: metavalue detected, returning 0
at 10 ns(3), Instance /tb_dlx_pm/uut/DLX/BTB_cache/RotReg/\gen_mux(30)\/if_mi/MUX_i/ : Warning: NUMERIC_STD.TO_INTEGER: metavalue detected, returning 0
at 10 ns(3), Instance /tb_dlx_pm/uut/DLX/BTB_cache/RotReg/\gen_mux(31)\/if_mi/MUX_i/ : Warning: NUMERIC_STD.TO_INTEGER: metavalue detected, returning 0
at 10 ns(4), Instance /tb_dlx_pm/uut/DLX/BTB_cache/RotReg/\gen_mux(0)\/if_m0/MUX_0/ : Warning: NUMERIC_STD.TO_INTEGER: metavalue detected, returning 0
at 10 ns(4), Instance /tb_dlx_pm/uut/DLX/BTB_cache/RotReg/\gen_mux(1)\/if_mi/MUX_i/ : Warning: NUMERIC_STD.TO_INTEGER: metavalue detected, returning 0
at 10 ns(4), Instance /tb_dlx_pm/uut/DLX/BTB_cache/RotReg/\gen_mux(2)\/if_mi/MUX_i/ : Warning: NUMERIC_STD.TO_INTEGER: metavalue detected, returning 0
at 10 ns(4), Instance /tb_dlx_pm/uut/DLX/BTB_cache/RotReg/\gen_mux(3)\/if_mi/MUX_i/ : Warning: NUMERIC_STD.TO_INTEGER: metavalue detected, returning 0
at 10 ns(4), Instance /tb_dlx_pm/uut/DLX/BTB_cache/RotReg/\gen_mux(4)\/if_mi/MUX_i/ : Warning: NUMERIC_STD.TO_INTEGER: metavalue detected, returning 0
at 10 ns(4), Instance /tb_dlx_pm/uut/DLX/BTB_cache/RotReg/\gen_mux(5)\/if_mi/MUX_i/ : Warning: NUMERIC_STD.TO_INTEGER: metavalue detected, returning 0
at 10 ns(4), Instance /tb_dlx_pm/uut/DLX/BTB_cache/RotReg/\gen_mux(6)\/if_mi/MUX_i/ : Warning: NUMERIC_STD.TO_INTEGER: metavalue detected, returning 0
at 10 ns(4), Instance /tb_dlx_pm/uut/DLX/BTB_cache/RotReg/\gen_mux(7)\/if_mi/MUX_i/ : Warning: NUMERIC_STD.TO_INTEGER: metavalue detected, returning 0
at 10 ns(4), Instance /tb_dlx_pm/uut/DLX/BTB_cache/RotReg/\gen_mux(8)\/if_mi/MUX_i/ : Warning: NUMERIC_STD.TO_INTEGER: metavalue detected, returning 0
at 10 ns(4), Instance /tb_dlx_pm/uut/DLX/BTB_cache/RotReg/\gen_mux(9)\/if_mi/MUX_i/ : Warning: NUMERIC_STD.TO_INTEGER: metavalue detected, returning 0
at 10 ns(4), Instance /tb_dlx_pm/uut/DLX/BTB_cache/RotReg/\gen_mux(10)\/if_mi/MUX_i/ : Warning: NUMERIC_STD.TO_INTEGER: metavalue detected, returning 0
at 10 ns(4), Instance /tb_dlx_pm/uut/DLX/BTB_cache/RotReg/\gen_mux(11)\/if_mi/MUX_i/ : Warning: NUMERIC_STD.TO_INTEGER: metavalue detected, returning 0
at 10 ns(4), Instance /tb_dlx_pm/uut/DLX/BTB_cache/RotReg/\gen_mux(12)\/if_mi/MUX_i/ : Warning: NUMERIC_STD.TO_INTEGER: metavalue detected, returning 0
at 10 ns(4), Instance /tb_dlx_pm/uut/DLX/BTB_cache/RotReg/\gen_mux(13)\/if_mi/MUX_i/ : Warning: NUMERIC_STD.TO_INTEGER: metavalue detected, returning 0
at 10 ns(4), Instance /tb_dlx_pm/uut/DLX/BTB_cache/RotReg/\gen_mux(14)\/if_mi/MUX_i/ : Warning: NUMERIC_STD.TO_INTEGER: metavalue detected, returning 0
at 10 ns(4), Instance /tb_dlx_pm/uut/DLX/BTB_cache/RotReg/\gen_mux(15)\/if_mi/MUX_i/ : Warning: NUMERIC_STD.TO_INTEGER: metavalue detected, returning 0
at 10 ns(4), Instance /tb_dlx_pm/uut/DLX/BTB_cache/RotReg/\gen_mux(16)\/if_mi/MUX_i/ : Warning: NUMERIC_STD.TO_INTEGER: metavalue detected, returning 0
at 10 ns(4), Instance /tb_dlx_pm/uut/DLX/BTB_cache/RotReg/\gen_mux(17)\/if_mi/MUX_i/ : Warning: NUMERIC_STD.TO_INTEGER: metavalue detected, returning 0
at 10 ns(4), Instance /tb_dlx_pm/uut/DLX/BTB_cache/RotReg/\gen_mux(18)\/if_mi/MUX_i/ : Warning: NUMERIC_STD.TO_INTEGER: metavalue detected, returning 0
at 10 ns(4), Instance /tb_dlx_pm/uut/DLX/BTB_cache/RotReg/\gen_mux(19)\/if_mi/MUX_i/ : Warning: NUMERIC_STD.TO_INTEGER: metavalue detected, returning 0
at 10 ns(4), Instance /tb_dlx_pm/uut/DLX/BTB_cache/RotReg/\gen_mux(20)\/if_mi/MUX_i/ : Warning: NUMERIC_STD.TO_INTEGER: metavalue detected, returning 0
at 10 ns(4), Instance /tb_dlx_pm/uut/DLX/BTB_cache/RotReg/\gen_mux(21)\/if_mi/MUX_i/ : Warning: NUMERIC_STD.TO_INTEGER: metavalue detected, returning 0
at 10 ns(4), Instance /tb_dlx_pm/uut/DLX/BTB_cache/RotReg/\gen_mux(22)\/if_mi/MUX_i/ : Warning: NUMERIC_STD.TO_INTEGER: metavalue detected, returning 0
at 10 ns(4), Instance /tb_dlx_pm/uut/DLX/BTB_cache/RotReg/\gen_mux(23)\/if_mi/MUX_i/ : Warning: NUMERIC_STD.TO_INTEGER: metavalue detected, returning 0
at 10 ns(4), Instance /tb_dlx_pm/uut/DLX/BTB_cache/RotReg/\gen_mux(24)\/if_mi/MUX_i/ : Warning: NUMERIC_STD.TO_INTEGER: metavalue detected, returning 0
at 10 ns(4), Instance /tb_dlx_pm/uut/DLX/BTB_cache/RotReg/\gen_mux(25)\/if_mi/MUX_i/ : Warning: NUMERIC_STD.TO_INTEGER: metavalue detected, returning 0
at 10 ns(4), Instance /tb_dlx_pm/uut/DLX/BTB_cache/RotReg/\gen_mux(26)\/if_mi/MUX_i/ : Warning: NUMERIC_STD.TO_INTEGER: metavalue detected, returning 0
at 10 ns(4), Instance /tb_dlx_pm/uut/DLX/BTB_cache/RotReg/\gen_mux(27)\/if_mi/MUX_i/ : Warning: NUMERIC_STD.TO_INTEGER: metavalue detected, returning 0
at 10 ns(4), Instance /tb_dlx_pm/uut/DLX/BTB_cache/RotReg/\gen_mux(28)\/if_mi/MUX_i/ : Warning: NUMERIC_STD.TO_INTEGER: metavalue detected, returning 0
at 10 ns(4), Instance /tb_dlx_pm/uut/DLX/BTB_cache/RotReg/\gen_mux(29)\/if_mi/MUX_i/ : Warning: NUMERIC_STD.TO_INTEGER: metavalue detected, returning 0
at 10 ns(4), Instance /tb_dlx_pm/uut/DLX/BTB_cache/RotReg/\gen_mux(30)\/if_mi/MUX_i/ : Warning: NUMERIC_STD.TO_INTEGER: metavalue detected, returning 0
at 10 ns(4), Instance /tb_dlx_pm/uut/DLX/BTB_cache/RotReg/\gen_mux(31)\/if_mi/MUX_i/ : Warning: NUMERIC_STD.TO_INTEGER: metavalue detected, returning 0
at 10 ns(6), Instance /tb_dlx_pm/uut/DLX/BTB_cache/RotReg/\gen_mux(0)\/if_m0/MUX_0/ : Warning: NUMERIC_STD.TO_INTEGER: metavalue detected, returning 0
at 10 ns(6), Instance /tb_dlx_pm/uut/DLX/BTB_cache/RotReg/\gen_mux(1)\/if_mi/MUX_i/ : Warning: NUMERIC_STD.TO_INTEGER: metavalue detected, returning 0
at 10 ns(6), Instance /tb_dlx_pm/uut/DLX/BTB_cache/RotReg/\gen_mux(2)\/if_mi/MUX_i/ : Warning: NUMERIC_STD.TO_INTEGER: metavalue detected, returning 0
at 10 ns(6), Instance /tb_dlx_pm/uut/DLX/BTB_cache/RotReg/\gen_mux(3)\/if_mi/MUX_i/ : Warning: NUMERIC_STD.TO_INTEGER: metavalue detected, returning 0
at 10 ns(6), Instance /tb_dlx_pm/uut/DLX/BTB_cache/RotReg/\gen_mux(4)\/if_mi/MUX_i/ : Warning: NUMERIC_STD.TO_INTEGER: metavalue detected, returning 0
at 10 ns(6), Instance /tb_dlx_pm/uut/DLX/BTB_cache/RotReg/\gen_mux(5)\/if_mi/MUX_i/ : Warning: NUMERIC_STD.TO_INTEGER: metavalue detected, returning 0
at 10 ns(6), Instance /tb_dlx_pm/uut/DLX/BTB_cache/RotReg/\gen_mux(6)\/if_mi/MUX_i/ : Warning: NUMERIC_STD.TO_INTEGER: metavalue detected, returning 0
at 10 ns(6), Instance /tb_dlx_pm/uut/DLX/BTB_cache/RotReg/\gen_mux(7)\/if_mi/MUX_i/ : Warning: NUMERIC_STD.TO_INTEGER: metavalue detected, returning 0
at 10 ns(6), Instance /tb_dlx_pm/uut/DLX/BTB_cache/RotReg/\gen_mux(8)\/if_mi/MUX_i/ : Warning: NUMERIC_STD.TO_INTEGER: metavalue detected, returning 0
at 10 ns(6), Instance /tb_dlx_pm/uut/DLX/BTB_cache/RotReg/\gen_mux(9)\/if_mi/MUX_i/ : Warning: NUMERIC_STD.TO_INTEGER: metavalue detected, returning 0
at 10 ns(6), Instance /tb_dlx_pm/uut/DLX/BTB_cache/RotReg/\gen_mux(10)\/if_mi/MUX_i/ : Warning: NUMERIC_STD.TO_INTEGER: metavalue detected, returning 0
at 10 ns(6), Instance /tb_dlx_pm/uut/DLX/BTB_cache/RotReg/\gen_mux(11)\/if_mi/MUX_i/ : Warning: NUMERIC_STD.TO_INTEGER: metavalue detected, returning 0
at 10 ns(6), Instance /tb_dlx_pm/uut/DLX/BTB_cache/RotReg/\gen_mux(12)\/if_mi/MUX_i/ : Warning: NUMERIC_STD.TO_INTEGER: metavalue detected, returning 0
at 10 ns(6), Instance /tb_dlx_pm/uut/DLX/BTB_cache/RotReg/\gen_mux(13)\/if_mi/MUX_i/ : Warning: NUMERIC_STD.TO_INTEGER: metavalue detected, returning 0
at 10 ns(6), Instance /tb_dlx_pm/uut/DLX/BTB_cache/RotReg/\gen_mux(14)\/if_mi/MUX_i/ : Warning: NUMERIC_STD.TO_INTEGER: metavalue detected, returning 0
at 10 ns(6), Instance /tb_dlx_pm/uut/DLX/BTB_cache/RotReg/\gen_mux(15)\/if_mi/MUX_i/ : Warning: NUMERIC_STD.TO_INTEGER: metavalue detected, returning 0
at 10 ns(6), Instance /tb_dlx_pm/uut/DLX/BTB_cache/RotReg/\gen_mux(16)\/if_mi/MUX_i/ : Warning: NUMERIC_STD.TO_INTEGER: metavalue detected, returning 0
at 10 ns(6), Instance /tb_dlx_pm/uut/DLX/BTB_cache/RotReg/\gen_mux(17)\/if_mi/MUX_i/ : Warning: NUMERIC_STD.TO_INTEGER: metavalue detected, returning 0
at 10 ns(6), Instance /tb_dlx_pm/uut/DLX/BTB_cache/RotReg/\gen_mux(18)\/if_mi/MUX_i/ : Warning: NUMERIC_STD.TO_INTEGER: metavalue detected, returning 0
at 10 ns(6), Instance /tb_dlx_pm/uut/DLX/BTB_cache/RotReg/\gen_mux(19)\/if_mi/MUX_i/ : Warning: NUMERIC_STD.TO_INTEGER: metavalue detected, returning 0
at 10 ns(6), Instance /tb_dlx_pm/uut/DLX/BTB_cache/RotReg/\gen_mux(20)\/if_mi/MUX_i/ : Warning: NUMERIC_STD.TO_INTEGER: metavalue detected, returning 0
at 10 ns(6), Instance /tb_dlx_pm/uut/DLX/BTB_cache/RotReg/\gen_mux(21)\/if_mi/MUX_i/ : Warning: NUMERIC_STD.TO_INTEGER: metavalue detected, returning 0
at 10 ns(6), Instance /tb_dlx_pm/uut/DLX/BTB_cache/RotReg/\gen_mux(22)\/if_mi/MUX_i/ : Warning: NUMERIC_STD.TO_INTEGER: metavalue detected, returning 0
at 10 ns(6), Instance /tb_dlx_pm/uut/DLX/BTB_cache/RotReg/\gen_mux(23)\/if_mi/MUX_i/ : Warning: NUMERIC_STD.TO_INTEGER: metavalue detected, returning 0
at 10 ns(6), Instance /tb_dlx_pm/uut/DLX/BTB_cache/RotReg/\gen_mux(24)\/if_mi/MUX_i/ : Warning: NUMERIC_STD.TO_INTEGER: metavalue detected, returning 0
at 10 ns(6), Instance /tb_dlx_pm/uut/DLX/BTB_cache/RotReg/\gen_mux(25)\/if_mi/MUX_i/ : Warning: NUMERIC_STD.TO_INTEGER: metavalue detected, returning 0
at 10 ns(6), Instance /tb_dlx_pm/uut/DLX/BTB_cache/RotReg/\gen_mux(26)\/if_mi/MUX_i/ : Warning: NUMERIC_STD.TO_INTEGER: metavalue detected, returning 0
at 10 ns(6), Instance /tb_dlx_pm/uut/DLX/BTB_cache/RotReg/\gen_mux(27)\/if_mi/MUX_i/ : Warning: NUMERIC_STD.TO_INTEGER: metavalue detected, returning 0
at 10 ns(6), Instance /tb_dlx_pm/uut/DLX/BTB_cache/RotReg/\gen_mux(28)\/if_mi/MUX_i/ : Warning: NUMERIC_STD.TO_INTEGER: metavalue detected, returning 0
at 10 ns(6), Instance /tb_dlx_pm/uut/DLX/BTB_cache/RotReg/\gen_mux(29)\/if_mi/MUX_i/ : Warning: NUMERIC_STD.TO_INTEGER: metavalue detected, returning 0
at 10 ns(6), Instance /tb_dlx_pm/uut/DLX/BTB_cache/RotReg/\gen_mux(30)\/if_mi/MUX_i/ : Warning: NUMERIC_STD.TO_INTEGER: metavalue detected, returning 0
at 10 ns(6), Instance /tb_dlx_pm/uut/DLX/BTB_cache/RotReg/\gen_mux(31)\/if_mi/MUX_i/ : Warning: NUMERIC_STD.TO_INTEGER: metavalue detected, returning 0
