Command line:
   TB_Comparator5Bit_isim_beh.exe
     -simmode  gui
     -simrunnum  0
     -socket  60508

Mon Jun 04 10:00:02 2018


 Elaboration Time: 0.046875 sec

 Current Memory Usage: 846.107 Meg

 Total Signals          : 10
 Total Nets             : 19
 Total Signal Drivers   : 11
 Total Blocks           : 8
 Total Primitive Blocks : 6
 Total Processes        : 10
 Total Traceable Variables  : 13
 Total Scalar Nets and Variables : 384
Total Line Count : 27

 Total Simulation Time: 0.140625 sec

 Current Memory Usage: 846.107 Meg

Mon Jun 04 10:00:25 2018

