Command line:
   TB_Fetch_isim_beh.exe
     -simmode  gui
     -simrunnum  0
     -socket  50973

Mon Oct 09 21:41:14 2017


 Elaboration Time: 0.109375 sec

 Current Memory Usage: 862.343 Meg

 Total Signals          : 249
 Total Nets             : 33495
 Total Signal Drivers   : 255
 Total Blocks           : 177
 Total Primitive Blocks : 106
 Total Processes        : 247
 Total Traceable Variables  : 131
 Total Scalar Nets and Variables : 34645
Total Line Count : 303

 Total Simulation Time: 0.15625 sec

 Current Memory Usage: 863.392 Meg

Mon Oct 09 21:41:24 2017

