Command line:
   IRAM_isim_beh.exe
     -simmode  gui
     -simrunnum  1
     -socket  63485

Thu Aug 30 10:41:57 2018


 Elaboration Time: 0.109375 sec

 Current Memory Usage: 389.374 Meg

 Total Signals          : 5
 Total Nets             : 32834
 Total Signal Drivers   : 2
 Total Blocks           : 5
 Total Primitive Blocks : 5
 Total Processes        : 2
 Total Traceable Variables  : 18
 Total Scalar Nets and Variables : 33840
Total Line Count : 12

 Total Simulation Time: 0.15625 sec

 Current Memory Usage: 390.423 Meg

Thu Aug 30 10:42:04 2018

