Release 14.7 - xst P.20131013 (nt)
Copyright (c) 1995-2013 Xilinx, Inc.  All rights reserved.
--> Parameter TMPDIR set to xst/projnav.tmp


Total REAL time to Xst completion: 0.00 secs
Total CPU time to Xst completion: 0.13 secs
 
--> Parameter xsthdpdir set to xst


Total REAL time to Xst completion: 0.00 secs
Total CPU time to Xst completion: 0.13 secs
 
--> Reading design: SAT_Counter_BTB.prj

TABLE OF CONTENTS
  1) Synthesis Options Summary
  2) HDL Parsing
  3) HDL Elaboration
  4) HDL Synthesis
       4.1) HDL Synthesis Report
  5) Advanced HDL Synthesis
       5.1) Advanced HDL Synthesis Report
  6) Low Level Synthesis
  7) Partition Report
  8) Design Summary
       8.1) Primitive and Black Box Usage
       8.2) Device utilization summary
       8.3) Partition Resource Summary
       8.4) Timing Report
            8.4.1) Clock Information
            8.4.2) Asynchronous Control Signals Information
            8.4.3) Timing Summary
            8.4.4) Timing Details
            8.4.5) Cross Clock Domains Report


=========================================================================
*                      Synthesis Options Summary                        *
=========================================================================
---- Source Parameters
Input File Name                    : "SAT_Counter_BTB.prj"
Ignore Synthesis Constraint File   : NO

---- Target Parameters
Output File Name                   : "SAT_Counter_BTB"
Output Format                      : NGC
Target Device                      : xc7a100t-3-csg324

---- Source Options
Top Module Name                    : SAT_Counter_BTB
Automatic FSM Extraction           : YES
FSM Encoding Algorithm             : Auto
Safe Implementation                : No
FSM Style                          : LUT
RAM Extraction                     : Yes
RAM Style                          : Auto
ROM Extraction                     : Yes
Shift Register Extraction          : YES
ROM Style                          : Auto
Resource Sharing                   : YES
Asynchronous To Synchronous        : NO
Shift Register Minimum Size        : 2
Use DSP Block                      : Auto
Automatic Register Balancing       : No

---- Target Options
LUT Combining                      : Auto
Reduce Control Sets                : Auto
Add IO Buffers                     : YES
Global Maximum Fanout              : 100000
Add Generic Clock Buffer(BUFG)     : 32
Register Duplication               : YES
Optimize Instantiated Primitives   : NO
Use Clock Enable                   : Auto
Use Synchronous Set                : Auto
Use Synchronous Reset              : Auto
Pack IO Registers into IOBs        : Auto
Equivalent register Removal        : YES

---- General Options
Optimization Goal                  : Speed
Optimization Effort                : 1
Power Reduction                    : NO
Keep Hierarchy                     : No
Netlist Hierarchy                  : As_Optimized
RTL Output                         : Yes
Global Optimization                : AllClockNets
Read Cores                         : YES
Write Timing Constraints           : NO
Cross Clock Analysis               : NO
Hierarchy Separator                : /
Bus Delimiter                      : <>
Case Specifier                     : Maintain
Slice Utilization Ratio            : 100
BRAM Utilization Ratio             : 100
DSP48 Utilization Ratio            : 100
Auto BRAM Packing                  : NO
Slice Utilization Ratio Delta      : 5

=========================================================================


=========================================================================
*                          HDL Parsing                                  *
=========================================================================
Parsing VHDL file "C:\Users\UTENTE\Desktop\Politecnico di Torino\Laurea Magistrale\I Anno\Microelectronic Systems\DLX\MyDLX\BTB\BranchTargetBuffer\t_ff.vhd" into library work
Parsing entity <t_ff>.
Parsing architecture <ResetToZero> of entity <t_ff>.
Parsing architecture <ResetToOne> of entity <t_ff>.
Parsing VHDL file "C:\Users\UTENTE\Desktop\Politecnico di Torino\Laurea Magistrale\I Anno\Microelectronic Systems\DLX\MyDLX\BTB\BranchTargetBuffer\constants.vhd" into library work
Parsing package <CONSTANTS>.
Parsing package body <CONSTANTS>.
Parsing VHDL file "C:\Users\UTENTE\Desktop\Politecnico di Torino\Laurea Magistrale\I Anno\Microelectronic Systems\DLX\MyDLX\BTB\BranchTargetBuffer\ud_counter.vhd" into library work
Parsing entity <UD_COUNTER>.
Parsing architecture <STR> of entity <ud_counter>.
Parsing VHDL file "C:\Users\UTENTE\Desktop\Politecnico di Torino\Laurea Magistrale\I Anno\Microelectronic Systems\DLX\MyDLX\BTB\BranchTargetBuffer\NORGate_NX1.vhd" into library work
Parsing entity <NORGate_NX1>.
Parsing architecture <Behavioral> of entity <norgate_nx1>.
Parsing VHDL file "C:\Users\UTENTE\Desktop\Politecnico di Torino\Laurea Magistrale\I Anno\Microelectronic Systems\DLX\MyDLX\BTB\BranchTargetBuffer\CU_SatCounter.vhd" into library work
Parsing entity <CU_SatCounter>.
Parsing architecture <Behavioral> of entity <cu_satcounter>.
Parsing VHDL file "C:\Users\UTENTE\Desktop\Politecnico di Torino\Laurea Magistrale\I Anno\Microelectronic Systems\DLX\MyDLX\BTB\BranchTargetBuffer\ANDGate_NX1.vhd" into library work
Parsing entity <ANDGate_NX1>.
Parsing architecture <Behavioral> of entity <andgate_nx1>.
Parsing VHDL file "C:\Users\UTENTE\Desktop\Politecnico di Torino\Laurea Magistrale\I Anno\Microelectronic Systems\DLX\MyDLX\BTB\BranchTargetBuffer\SAT_Counter.vhd" into library work
Parsing entity <SAT_Counter_BTB>.
Parsing architecture <Structural> of entity <sat_counter_btb>.

=========================================================================
*                            HDL Elaboration                            *
=========================================================================

Elaborating entity <SAT_Counter_BTB> (architecture <Structural>) with generics from library <work>.

Elaborating entity <UD_COUNTER> (architecture <STR>) with generics from library <work>.

Elaborating entity <t_ff> (architecture <ResetToZero>) from library <work>.
WARNING:HDLCompiler:92 - "C:\Users\UTENTE\Desktop\Politecnico di Torino\Laurea Magistrale\I Anno\Microelectronic Systems\DLX\MyDLX\BTB\BranchTargetBuffer\t_ff.vhd" Line 23: tff_t should be on the sensitivity list of the process

Elaborating entity <t_ff> (architecture <ResetToOne>) from library <work>.
WARNING:HDLCompiler:92 - "C:\Users\UTENTE\Desktop\Politecnico di Torino\Laurea Magistrale\I Anno\Microelectronic Systems\DLX\MyDLX\BTB\BranchTargetBuffer\t_ff.vhd" Line 42: tff_t should be on the sensitivity list of the process

Elaborating entity <CU_SatCounter> (architecture <Behavioral>) from library <work>.

Elaborating entity <ANDGate_NX1> (architecture <Behavioral>) with generics from library <work>.

Elaborating entity <NORGate_NX1> (architecture <Behavioral>) with generics from library <work>.

=========================================================================
*                           HDL Synthesis                               *
=========================================================================

Synthesizing Unit <SAT_Counter_BTB>.
    Related source file is "C:\Users\UTENTE\Desktop\Politecnico di Torino\Laurea Magistrale\I Anno\Microelectronic Systems\DLX\MyDLX\BTB\BranchTargetBuffer\SAT_Counter.vhd".
        N = 2
    Summary:
	no macro.
Unit <SAT_Counter_BTB> synthesized.

Synthesizing Unit <UD_COUNTER>.
    Related source file is "C:\Users\UTENTE\Desktop\Politecnico di Torino\Laurea Magistrale\I Anno\Microelectronic Systems\DLX\MyDLX\BTB\BranchTargetBuffer\ud_counter.vhd".
        UDC_NBIT = 2
    Summary:
	no macro.
Unit <UD_COUNTER> synthesized.

Synthesizing Unit <t_ff>.
    Related source file is "C:\Users\UTENTE\Desktop\Politecnico di Torino\Laurea Magistrale\I Anno\Microelectronic Systems\DLX\MyDLX\BTB\BranchTargetBuffer\t_ff.vhd".
    Found 1-bit register for signal <data>.
    Summary:
	inferred   1 D-type flip-flop(s).
Unit <t_ff> synthesized.

Synthesizing Unit <t_ff>.
    Related source file is "C:\Users\UTENTE\Desktop\Politecnico di Torino\Laurea Magistrale\I Anno\Microelectronic Systems\DLX\MyDLX\BTB\BranchTargetBuffer\t_ff.vhd".
    Found 1-bit register for signal <data>.
    Summary:
	inferred   1 D-type flip-flop(s).
Unit <t_ff> synthesized.

Synthesizing Unit <CU_SatCounter>.
    Related source file is "C:\Users\UTENTE\Desktop\Politecnico di Torino\Laurea Magistrale\I Anno\Microelectronic Systems\DLX\MyDLX\BTB\BranchTargetBuffer\CU_SatCounter.vhd".
    Found 1-bit register for signal <UDC_enable>.
    Found 1-bit register for signal <UDC_reset>.
    Found 1-bit register for signal <UDC_Ud>.
    Summary:
	inferred   3 D-type flip-flop(s).
	inferred  12 Multiplexer(s).
Unit <CU_SatCounter> synthesized.

Synthesizing Unit <ANDGate_NX1>.
    Related source file is "C:\Users\UTENTE\Desktop\Politecnico di Torino\Laurea Magistrale\I Anno\Microelectronic Systems\DLX\MyDLX\BTB\BranchTargetBuffer\ANDGate_NX1.vhd".
        N = 2
    Summary:
	no macro.
Unit <ANDGate_NX1> synthesized.

Synthesizing Unit <NORGate_NX1>.
    Related source file is "C:\Users\UTENTE\Desktop\Politecnico di Torino\Laurea Magistrale\I Anno\Microelectronic Systems\DLX\MyDLX\BTB\BranchTargetBuffer\NORGate_NX1.vhd".
        N = 2
    Summary:
	no macro.
Unit <NORGate_NX1> synthesized.

=========================================================================
HDL Synthesis Report

Macro Statistics
# Registers                                            : 5
 1-bit register                                        : 5
# Multiplexers                                         : 12
 1-bit 2-to-1 multiplexer                              : 12

=========================================================================

=========================================================================
*                       Advanced HDL Synthesis                          *
=========================================================================


=========================================================================
Advanced HDL Synthesis Report

Macro Statistics
# Registers                                            : 5
 Flip-Flops                                            : 5
# Multiplexers                                         : 12
 1-bit 2-to-1 multiplexer                              : 12

=========================================================================

=========================================================================
*                         Low Level Synthesis                           *
=========================================================================

Optimizing unit <SAT_Counter_BTB> ...

Optimizing unit <CU_SatCounter> ...

Mapping all equations...
Building and optimizing final netlist ...
Found area constraint ratio of 100 (+ 5) on block SAT_Counter_BTB, actual ratio is 0.

Final Macro Processing ...

=========================================================================
Final Register Report

Macro Statistics
# Registers                                            : 5
 Flip-Flops                                            : 5

=========================================================================

=========================================================================
*                           Partition Report                            *
=========================================================================

Partition Implementation Status
-------------------------------

  No Partitions were found in this design.

-------------------------------

=========================================================================
*                            Design Summary                             *
=========================================================================

Top Level Output File Name         : SAT_Counter_BTB.ngc

Primitive and Black Box Usage:
------------------------------
# BELS                             : 6
#      INV                         : 2
#      LUT3                        : 2
#      LUT6                        : 2
# FlipFlops/Latches                : 5
#      FDCE                        : 2
#      FDR                         : 2
#      FDS                         : 1
# Clock Buffers                    : 1
#      BUFGP                       : 1
# IO Buffers                       : 6
#      IBUF                        : 5
#      OBUF                        : 1

Device utilization summary:
---------------------------

Selected Device : 7a100tcsg324-3 


Slice Logic Utilization: 
 Number of Slice Registers:               5  out of  126800     0%  
 Number of Slice LUTs:                    6  out of  63400     0%  
    Number used as Logic:                 6  out of  63400     0%  

Slice Logic Distribution: 
 Number of LUT Flip Flop pairs used:     11
   Number with an unused Flip Flop:       6  out of     11    54%  
   Number with an unused LUT:             5  out of     11    45%  
   Number of fully used LUT-FF pairs:     0  out of     11     0%  
   Number of unique control sets:         2

IO Utilization: 
 Number of IOs:                           7
 Number of bonded IOBs:                   7  out of    210     3%  

Specific Feature Utilization:
 Number of BUFG/BUFGCTRLs:                1  out of     32     3%  

---------------------------
Partition Resource Summary:
---------------------------

  No Partitions were found in this design.

---------------------------


=========================================================================
Timing Report

NOTE: THESE TIMING NUMBERS ARE ONLY A SYNTHESIS ESTIMATE.
      FOR ACCURATE TIMING INFORMATION PLEASE REFER TO THE TRACE REPORT
      GENERATED AFTER PLACE-and-ROUTE.

Clock Information:
------------------
-----------------------------------+------------------------+-------+
Clock Signal                       | Clock buffer(FF name)  | Load  |
-----------------------------------+------------------------+-------+
SAT_clk                            | BUFGP                  | 5     |
-----------------------------------+------------------------+-------+

Asynchronous Control Signals Information:
----------------------------------------
No asynchronous control signals found in this design

Timing Summary:
---------------
Speed Grade: -3

   Minimum period: 1.386ns (Maximum Frequency: 721.605MHz)
   Minimum input arrival time before clock: 0.809ns
   Maximum output required time after clock: 0.654ns
   Maximum combinational path delay: No path found

Timing Details:
---------------
All values displayed in nanoseconds (ns)

=========================================================================
Timing constraint: Default period analysis for Clock 'SAT_clk'
  Clock period: 1.386ns (frequency: 721.605MHz)
  Total number of paths / destination ports: 12 / 8
-------------------------------------------------------------------------
Delay:               1.386ns (Levels of Logic = 1)
  Source:            CU/UDC_reset (FF)
  Destination:       CNT/MAIN_GEN[0].FIRST_FF.FF_0/data (FF)
  Source Clock:      SAT_clk rising
  Destination Clock: SAT_clk rising

  Data Path: CU/UDC_reset to CNT/MAIN_GEN[0].FIRST_FF.FF_0/data
                                Gate     Net
    Cell:in->out      fanout   Delay   Delay  Logical Name (Net Name)
    ----------------------------------------  ------------
     FDS:C->Q              1   0.361   0.279  CU/UDC_reset (CU/UDC_reset)
     INV:I->O              2   0.113   0.283  CNT/MAIN_GEN[0].FIRST_FF.FF_0/TFF_rst_inv1_INV_0 (CNT/MAIN_GEN[0].FIRST_FF.FF_0/TFF_rst_inv)
     FDCE:CLR                  0.349          CNT/MAIN_GEN[0].FIRST_FF.FF_0/data
    ----------------------------------------
    Total                      1.386ns (0.823ns logic, 0.563ns route)
                                       (59.4% logic, 40.6% route)

=========================================================================
Timing constraint: Default OFFSET IN BEFORE for Clock 'SAT_clk'
  Total number of paths / destination ports: 14 / 6
-------------------------------------------------------------------------
Offset:              0.809ns (Levels of Logic = 2)
  Source:            SAT_enable (PAD)
  Destination:       CU/UDC_Ud (FF)
  Destination Clock: SAT_clk rising

  Data Path: SAT_enable to CU/UDC_Ud
                                Gate     Net
    Cell:in->out      fanout   Delay   Delay  Logical Name (Net Name)
    ----------------------------------------  ------------
     IBUF:I->O             3   0.001   0.703  SAT_enable_IBUF (SAT_enable_IBUF)
     LUT6:I0->O            1   0.097   0.000  CU/UDC_Ud_glue_set (CU/UDC_Ud_glue_set)
     FDR:D                     0.008          CU/UDC_Ud
    ----------------------------------------
    Total                      0.809ns (0.106ns logic, 0.703ns route)
                                       (13.1% logic, 86.9% route)

=========================================================================
Timing constraint: Default OFFSET OUT AFTER for Clock 'SAT_clk'
  Total number of paths / destination ports: 1 / 1
-------------------------------------------------------------------------
Offset:              0.654ns (Levels of Logic = 1)
  Source:            CNT/MAIN_GEN[1].LAST_FF.FF_N/data (FF)
  Destination:       SAT_SO (PAD)
  Source Clock:      SAT_clk rising

  Data Path: CNT/MAIN_GEN[1].LAST_FF.FF_N/data to SAT_SO
                                Gate     Net
    Cell:in->out      fanout   Delay   Delay  Logical Name (Net Name)
    ----------------------------------------  ------------
     FDCE:C->Q             4   0.361   0.293  CNT/MAIN_GEN[1].LAST_FF.FF_N/data (CNT/MAIN_GEN[1].LAST_FF.FF_N/data)
     OBUF:I->O                 0.000          SAT_SO_OBUF (SAT_SO)
    ----------------------------------------
    Total                      0.654ns (0.361ns logic, 0.293ns route)
                                       (55.2% logic, 44.8% route)

=========================================================================

Cross Clock Domains Report:
--------------------------

Clock to Setup on destination clock SAT_clk
---------------+---------+---------+---------+---------+
               | Src:Rise| Src:Fall| Src:Rise| Src:Fall|
Source Clock   |Dest:Rise|Dest:Rise|Dest:Fall|Dest:Fall|
---------------+---------+---------+---------+---------+
SAT_clk        |    1.386|         |         |         |
---------------+---------+---------+---------+---------+

=========================================================================


Total REAL time to Xst completion: 6.00 secs
Total CPU time to Xst completion: 6.84 secs
 
--> 

Total memory usage is 369032 kilobytes

Number of errors   :    0 (   0 filtered)
Number of warnings :    2 (   0 filtered)
Number of infos    :    0 (   0 filtered)

