Release 14.7 - xst P.20131013 (nt)
Copyright (c) 1995-2013 Xilinx, Inc.  All rights reserved.
--> Parameter TMPDIR set to xst/projnav.tmp


Total REAL time to Xst completion: 0.00 secs
Total CPU time to Xst completion: 0.13 secs
 
--> Parameter xsthdpdir set to xst


Total REAL time to Xst completion: 0.00 secs
Total CPU time to Xst completion: 0.14 secs
 
--> Reading design: UD_COUNTER.prj

TABLE OF CONTENTS
  1) Synthesis Options Summary
  2) HDL Parsing
  3) HDL Elaboration
  4) HDL Synthesis
       4.1) HDL Synthesis Report
  5) Advanced HDL Synthesis
       5.1) Advanced HDL Synthesis Report
  6) Low Level Synthesis
  7) Partition Report
  8) Design Summary
       8.1) Primitive and Black Box Usage
       8.2) Device utilization summary
       8.3) Partition Resource Summary
       8.4) Timing Report
            8.4.1) Clock Information
            8.4.2) Asynchronous Control Signals Information
            8.4.3) Timing Summary
            8.4.4) Timing Details
            8.4.5) Cross Clock Domains Report


=========================================================================
*                      Synthesis Options Summary                        *
=========================================================================
---- Source Parameters
Input File Name                    : "UD_COUNTER.prj"
Ignore Synthesis Constraint File   : NO

---- Target Parameters
Output File Name                   : "UD_COUNTER"
Output Format                      : NGC
Target Device                      : xc7a100t-3-csg324

---- Source Options
Top Module Name                    : UD_COUNTER
Automatic FSM Extraction           : YES
FSM Encoding Algorithm             : Auto
Safe Implementation                : No
FSM Style                          : LUT
RAM Extraction                     : Yes
RAM Style                          : Auto
ROM Extraction                     : Yes
Shift Register Extraction          : YES
ROM Style                          : Auto
Resource Sharing                   : YES
Asynchronous To Synchronous        : NO
Shift Register Minimum Size        : 2
Use DSP Block                      : Auto
Automatic Register Balancing       : No

---- Target Options
LUT Combining                      : Auto
Reduce Control Sets                : Auto
Add IO Buffers                     : YES
Global Maximum Fanout              : 100000
Add Generic Clock Buffer(BUFG)     : 32
Register Duplication               : YES
Optimize Instantiated Primitives   : NO
Use Clock Enable                   : Auto
Use Synchronous Set                : Auto
Use Synchronous Reset              : Auto
Pack IO Registers into IOBs        : Auto
Equivalent register Removal        : YES

---- General Options
Optimization Goal                  : Speed
Optimization Effort                : 1
Power Reduction                    : NO
Keep Hierarchy                     : No
Netlist Hierarchy                  : As_Optimized
RTL Output                         : Yes
Global Optimization                : AllClockNets
Read Cores                         : YES
Write Timing Constraints           : NO
Cross Clock Analysis               : NO
Hierarchy Separator                : /
Bus Delimiter                      : <>
Case Specifier                     : Maintain
Slice Utilization Ratio            : 100
BRAM Utilization Ratio             : 100
DSP48 Utilization Ratio            : 100
Auto BRAM Packing                  : NO
Slice Utilization Ratio Delta      : 5

=========================================================================


=========================================================================
*                          HDL Parsing                                  *
=========================================================================
Parsing VHDL file "C:\Users\UTENTE\Desktop\Politecnico di Torino\Laurea Magistrale\I Anno\Microelectronic Systems\DLX\MyDLX\BTB\BranchTargetBuffer\t_ff.vhd" into library work
Parsing entity <t_ff>.
Parsing architecture <ResetToZero> of entity <t_ff>.
Parsing architecture <ResetToOne> of entity <t_ff>.
Parsing VHDL file "C:\Users\UTENTE\Desktop\Politecnico di Torino\Laurea Magistrale\I Anno\Microelectronic Systems\DLX\MyDLX\BTB\BranchTargetBuffer\ud_counter.vhd" into library work
Parsing entity <UD_COUNTER>.
Parsing architecture <STR> of entity <ud_counter>.

=========================================================================
*                            HDL Elaboration                            *
=========================================================================

Elaborating entity <UD_COUNTER> (architecture <STR>) with generics from library <work>.

Elaborating entity <t_ff> (architecture <ResetToZero>) from library <work>.
WARNING:HDLCompiler:92 - "C:\Users\UTENTE\Desktop\Politecnico di Torino\Laurea Magistrale\I Anno\Microelectronic Systems\DLX\MyDLX\BTB\BranchTargetBuffer\t_ff.vhd" Line 23: tff_t should be on the sensitivity list of the process

Elaborating entity <t_ff> (architecture <ResetToOne>) from library <work>.
WARNING:HDLCompiler:92 - "C:\Users\UTENTE\Desktop\Politecnico di Torino\Laurea Magistrale\I Anno\Microelectronic Systems\DLX\MyDLX\BTB\BranchTargetBuffer\t_ff.vhd" Line 42: tff_t should be on the sensitivity list of the process

=========================================================================
*                           HDL Synthesis                               *
=========================================================================

Synthesizing Unit <UD_COUNTER>.
    Related source file is "C:\Users\UTENTE\Desktop\Politecnico di Torino\Laurea Magistrale\I Anno\Microelectronic Systems\DLX\MyDLX\BTB\BranchTargetBuffer\ud_counter.vhd".
        UDC_NBIT = 4
    Summary:
	no macro.
Unit <UD_COUNTER> synthesized.

Synthesizing Unit <t_ff>.
    Related source file is "C:\Users\UTENTE\Desktop\Politecnico di Torino\Laurea Magistrale\I Anno\Microelectronic Systems\DLX\MyDLX\BTB\BranchTargetBuffer\t_ff.vhd".
    Found 1-bit register for signal <data>.
    Summary:
	inferred   1 D-type flip-flop(s).
Unit <t_ff> synthesized.

Synthesizing Unit <t_ff>.
    Related source file is "C:\Users\UTENTE\Desktop\Politecnico di Torino\Laurea Magistrale\I Anno\Microelectronic Systems\DLX\MyDLX\BTB\BranchTargetBuffer\t_ff.vhd".
    Found 1-bit register for signal <data>.
    Summary:
	inferred   1 D-type flip-flop(s).
Unit <t_ff> synthesized.

=========================================================================
HDL Synthesis Report

Macro Statistics
# Registers                                            : 4
 1-bit register                                        : 4

=========================================================================

=========================================================================
*                       Advanced HDL Synthesis                          *
=========================================================================


=========================================================================
Advanced HDL Synthesis Report

Macro Statistics
# Registers                                            : 4
 Flip-Flops                                            : 4

=========================================================================

=========================================================================
*                         Low Level Synthesis                           *
=========================================================================

Optimizing unit <UD_COUNTER> ...

Mapping all equations...
Building and optimizing final netlist ...
Found area constraint ratio of 100 (+ 5) on block UD_COUNTER, actual ratio is 0.

Final Macro Processing ...

=========================================================================
Final Register Report

Macro Statistics
# Registers                                            : 4
 Flip-Flops                                            : 4

=========================================================================

=========================================================================
*                           Partition Report                            *
=========================================================================

Partition Implementation Status
-------------------------------

  No Partitions were found in this design.

-------------------------------

=========================================================================
*                            Design Summary                             *
=========================================================================

Top Level Output File Name         : UD_COUNTER.ngc

Primitive and Black Box Usage:
------------------------------
# BELS                             : 6
#      INV                         : 2
#      LUT3                        : 1
#      LUT4                        : 1
#      LUT5                        : 1
#      LUT6                        : 1
# FlipFlops/Latches                : 4
#      FDC                         : 4
# Clock Buffers                    : 1
#      BUFGP                       : 1
# IO Buffers                       : 7
#      IBUF                        : 3
#      OBUF                        : 4

Device utilization summary:
---------------------------

Selected Device : 7a100tcsg324-3 


Slice Logic Utilization: 
 Number of Slice Registers:               4  out of  126800     0%  
 Number of Slice LUTs:                    6  out of  63400     0%  
    Number used as Logic:                 6  out of  63400     0%  

Slice Logic Distribution: 
 Number of LUT Flip Flop pairs used:     10
   Number with an unused Flip Flop:       6  out of     10    60%  
   Number with an unused LUT:             4  out of     10    40%  
   Number of fully used LUT-FF pairs:     0  out of     10     0%  
   Number of unique control sets:         1

IO Utilization: 
 Number of IOs:                           8
 Number of bonded IOBs:                   8  out of    210     3%  

Specific Feature Utilization:
 Number of BUFG/BUFGCTRLs:                1  out of     32     3%  

---------------------------
Partition Resource Summary:
---------------------------

  No Partitions were found in this design.

---------------------------


=========================================================================
Timing Report

NOTE: THESE TIMING NUMBERS ARE ONLY A SYNTHESIS ESTIMATE.
      FOR ACCURATE TIMING INFORMATION PLEASE REFER TO THE TRACE REPORT
      GENERATED AFTER PLACE-and-ROUTE.

Clock Information:
------------------
-----------------------------------+------------------------+-------+
Clock Signal                       | Clock buffer(FF name)  | Load  |
-----------------------------------+------------------------+-------+
UDC_CLK                            | BUFGP                  | 4     |
-----------------------------------+------------------------+-------+

Asynchronous Control Signals Information:
----------------------------------------
No asynchronous control signals found in this design

Timing Summary:
---------------
Speed Grade: -3

   Minimum period: 1.177ns (Maximum Frequency: 849.834MHz)
   Minimum input arrival time before clock: 1.036ns
   Maximum output required time after clock: 0.663ns
   Maximum combinational path delay: No path found

Timing Details:
---------------
All values displayed in nanoseconds (ns)

=========================================================================
Timing constraint: Default period analysis for Clock 'UDC_CLK'
  Clock period: 1.177ns (frequency: 849.834MHz)
  Total number of paths / destination ports: 11 / 4
-------------------------------------------------------------------------
Delay:               1.177ns (Levels of Logic = 2)
  Source:            MAIN_GEN[0].FIRST_FF.FF_0/data (FF)
  Destination:       MAIN_GEN[0].FIRST_FF.FF_0/data (FF)
  Source Clock:      UDC_CLK rising
  Destination Clock: UDC_CLK rising

  Data Path: MAIN_GEN[0].FIRST_FF.FF_0/data to MAIN_GEN[0].FIRST_FF.FF_0/data
                                Gate     Net
    Cell:in->out      fanout   Delay   Delay  Logical Name (Net Name)
    ----------------------------------------  ------------
     FDC:C->Q              6   0.361   0.302  MAIN_GEN[0].FIRST_FF.FF_0/data (MAIN_GEN[0].FIRST_FF.FF_0/data)
     INV:I->O              1   0.113   0.295  MAIN_GEN[0].FIRST_FF.FF_0/TFF_nq1_INV_0 (s_nq<0>)
     LUT3:I2->O            1   0.097   0.000  MAIN_GEN[0].FIRST_FF.FF_0/data_rstpot (MAIN_GEN[0].FIRST_FF.FF_0/data_rstpot)
     FDC:D                     0.008          MAIN_GEN[0].FIRST_FF.FF_0/data
    ----------------------------------------
    Total                      1.177ns (0.579ns logic, 0.598ns route)
                                       (49.2% logic, 50.8% route)

=========================================================================
Timing constraint: Default OFFSET IN BEFORE for Clock 'UDC_CLK'
  Total number of paths / destination ports: 11 / 8
-------------------------------------------------------------------------
Offset:              1.036ns (Levels of Logic = 2)
  Source:            UDC_RST (PAD)
  Destination:       MAIN_GEN[2].SECOND_FF.FF_i/data (FF)
  Destination Clock: UDC_CLK rising

  Data Path: UDC_RST to MAIN_GEN[2].SECOND_FF.FF_i/data
                                Gate     Net
    Cell:in->out      fanout   Delay   Delay  Logical Name (Net Name)
    ----------------------------------------  ------------
     IBUF:I->O             1   0.001   0.279  UDC_RST_IBUF (UDC_RST_IBUF)
     INV:I->O              4   0.113   0.293  MAIN_GEN[0].FIRST_FF.FF_0/TFF_rst_inv1_INV_0 (MAIN_GEN[0].FIRST_FF.FF_0/TFF_rst_inv)
     FDC:CLR                   0.349          MAIN_GEN[2].SECOND_FF.FF_i/data
    ----------------------------------------
    Total                      1.036ns (0.463ns logic, 0.573ns route)
                                       (44.7% logic, 55.3% route)

=========================================================================
Timing constraint: Default OFFSET OUT AFTER for Clock 'UDC_CLK'
  Total number of paths / destination ports: 4 / 4
-------------------------------------------------------------------------
Offset:              0.663ns (Levels of Logic = 1)
  Source:            MAIN_GEN[0].FIRST_FF.FF_0/data (FF)
  Destination:       UDC_OUT<0> (PAD)
  Source Clock:      UDC_CLK rising

  Data Path: MAIN_GEN[0].FIRST_FF.FF_0/data to UDC_OUT<0>
                                Gate     Net
    Cell:in->out      fanout   Delay   Delay  Logical Name (Net Name)
    ----------------------------------------  ------------
     FDC:C->Q              6   0.361   0.302  MAIN_GEN[0].FIRST_FF.FF_0/data (MAIN_GEN[0].FIRST_FF.FF_0/data)
     OBUF:I->O                 0.000          UDC_OUT_0_OBUF (UDC_OUT<0>)
    ----------------------------------------
    Total                      0.663ns (0.361ns logic, 0.302ns route)
                                       (54.4% logic, 45.6% route)

=========================================================================

Cross Clock Domains Report:
--------------------------

Clock to Setup on destination clock UDC_CLK
---------------+---------+---------+---------+---------+
               | Src:Rise| Src:Fall| Src:Rise| Src:Fall|
Source Clock   |Dest:Rise|Dest:Rise|Dest:Fall|Dest:Fall|
---------------+---------+---------+---------+---------+
UDC_CLK        |    1.177|         |         |         |
---------------+---------+---------+---------+---------+

=========================================================================


Total REAL time to Xst completion: 7.00 secs
Total CPU time to Xst completion: 6.80 secs
 
--> 

Total memory usage is 320584 kilobytes

Number of errors   :    0 (   0 filtered)
Number of warnings :    2 (   0 filtered)
Number of infos    :    0 (   0 filtered)

