Command line:
   TB_Logic_Unit2_isim_beh.exe
     -simmode  gui
     -simrunnum  0
     -socket  50392

Tue May 08 07:27:15 2018


 Elaboration Time: 0.0625 sec

 Current Memory Usage: 1042.84 Meg

 Total Signals          : 14
 Total Nets             : 292
 Total Signal Drivers   : 227
 Total Blocks           : 35
 Total Primitive Blocks : 33
 Total Processes        : 225
 Total Traceable Variables  : 41
 Total Scalar Nets and Variables : 685
Total Line Count : 274

 Total Simulation Time: 0.3125 sec

 Current Memory Usage: 1357.94 Meg

Tue May 08 07:28:09 2018

