Running: C:\Xilinx\14.7\ISE_DS\ISE\bin\nt\unwrapped\fuse.exe -intstyle ise -incremental -lib secureip -o C:/Users/UTENTE/Desktop/Politecnico di Torino/Laurea Magistrale/I Anno/Microelectronic Systems/DLX/MyDLX/Fetch_Stage/TB_Fetch_isim_beh.exe -prj C:/Users/UTENTE/Desktop/Politecnico di Torino/Laurea Magistrale/I Anno/Microelectronic Systems/DLX/MyDLX/Fetch_Stage/TB_Fetch_beh.prj work.TB_Fetch 
ISim P.20131013 (signature 0x8ef4fb42)
Number of CPUs detected in this system: 8
Turning on mult-threading, number of parallel sub-compilation jobs: 16 
Determining compilation order of HDL files
Parsing VHDL file "C:/Users/UTENTE/Desktop/Politecnico di Torino/Laurea Magistrale/I Anno/Microelectronic Systems/DLX/MyDLX/Fetch_Stage/PG_cell.vhd" into library work
Parsing VHDL file "C:/Users/UTENTE/Desktop/Politecnico di Torino/Laurea Magistrale/I Anno/Microelectronic Systems/DLX/MyDLX/Fetch_Stage/Sum_Network.vhd" into library work
Parsing VHDL file "C:/Users/UTENTE/Desktop/Politecnico di Torino/Laurea Magistrale/I Anno/Microelectronic Systems/DLX/MyDLX/Fetch_Stage/PG_network.vhd" into library work
Parsing VHDL file "C:/Users/UTENTE/Desktop/Politecnico di Torino/Laurea Magistrale/I Anno/Microelectronic Systems/DLX/MyDLX/Fetch_Stage/Carry_Network.vhd" into library work
Parsing VHDL file "C:/Users/UTENTE/Desktop/Politecnico di Torino/Laurea Magistrale/I Anno/Microelectronic Systems/DLX/MyDLX/Fetch_Stage/PropagateCarryLookahead.vhd" into library work
Parsing VHDL file "C:/Users/UTENTE/Desktop/Politecnico di Torino/Laurea Magistrale/I Anno/Microelectronic Systems/DLX/MyDLX/Fetch_Stage/NRegister.vhd" into library work
Parsing VHDL file "C:/Users/UTENTE/Desktop/Politecnico di Torino/Laurea Magistrale/I Anno/Microelectronic Systems/DLX/MyDLX/Fetch_Stage/Mux_NBit_2x1.vhd" into library work
Parsing VHDL file "C:/Users/UTENTE/Desktop/Politecnico di Torino/Laurea Magistrale/I Anno/Microelectronic Systems/DLX/MyDLX/Fetch_Stage/Fetch.vhd" into library work
Parsing VHDL file "C:/Users/UTENTE/Desktop/Politecnico di Torino/Laurea Magistrale/I Anno/Microelectronic Systems/DLX/MyDLX/Fetch_Stage/TB_Fetch.vhd" into library work
Starting static elaboration
Completed static elaboration
Fuse Memory Usage: 159964 KB
Fuse CPU Usage: 500 ms
Compiling package standard
Compiling package std_logic_1164
Compiling package numeric_std
Compiling architecture behavioral of entity NRegister [\NRegister(32)\]
Compiling architecture behavioral of entity PG_cell [pg_cell_default]
Compiling architecture behavioral of entity PG_network [\PG_network(32)\]
Compiling architecture behavioral of entity Carry_Network [\Carry_Network(32)\]
Compiling architecture behavioral of entity Sum_Network [\Sum_Network(32)\]
Compiling architecture behavioral of entity PropagateCarryLookahead [\PropagateCarryLookahead(32)\]
Compiling architecture behavioral of entity Mux_NBit_2x1 [\Mux_NBit_2x1(32)\]
Compiling architecture structural of entity Fetch [\Fetch(32,32)\]
Compiling architecture behavior of entity tb_fetch
Time Resolution for simulation is 1ps.
Waiting for 1 sub-compilation(s) to finish...
Compiled 20 VHDL Units
Built simulation executable C:/Users/UTENTE/Desktop/Politecnico di Torino/Laurea Magistrale/I Anno/Microelectronic Systems/DLX/MyDLX/Fetch_Stage/TB_Fetch_isim_beh.exe
Fuse Memory Usage: 177468 KB
Fuse CPU Usage: 842 ms
