Command line:
   TB_Data_Reducer_isim_beh.exe
     -simmode  gui
     -simrunnum  0
     -socket  64390

Mon Jun 18 14:54:22 2018


 Elaboration Time: 0.15625 sec

 Current Memory Usage: 1039.15 Meg

 Total Signals          : 21
 Total Nets             : 202
 Total Signal Drivers   : 7
 Total Blocks           : 5
 Total Primitive Blocks : 3
 Total Processes        : 5
 Total Traceable Variables  : 12
 Total Scalar Nets and Variables : 566
Total Line Count : 34
Total Line Count : 34

 Total Simulation Time: 0.515625 sec

 Current Memory Usage: 1354.25 Meg

Mon Jun 18 14:54:59 2018

