Command line:
   Forwarding_ControlUnit_isim_beh.exe
     -simmode  gui
     -simrunnum  0
     -socket  60501

Mon Jun 04 09:59:45 2018


 Elaboration Time: 0.0625 sec

 Current Memory Usage: 845.971 Meg

 Total Signals          : 9
 Total Nets             : 35
 Total Signal Drivers   : 2
 Total Blocks           : 2
 Total Primitive Blocks : 2
 Total Processes        : 0
 Total Traceable Variables  : 8
 Total Scalar Nets and Variables : 395
Total Line Count : 0

 Total Simulation Time: 0.09375 sec

 Current Memory Usage: 845.971 Meg

Mon Jun 04 09:59:52 2018

