Command line:
   TB_MemoryStage_isim_beh.exe
     -simmode  gui
     -simrunnum  0
     -socket  62518

Tue May 22 10:53:45 2018


 Elaboration Time: 0.078125 sec

 Current Memory Usage: 1042.61 Meg

 Total Signals          : 44
 Total Nets             : 234
 Total Signal Drivers   : 15
 Total Blocks           : 6
 Total Primitive Blocks : 4
 Total Processes        : 9
 Total Traceable Variables  : 21
 Total Scalar Nets and Variables : 725
Total Line Count : 67
Total Line Count : 67

 Total Simulation Time: 1.3125 sec

 Current Memory Usage: 885.064 Meg

Tue May 22 10:56:13 2018

