Command line:
   TB_Sign_Reducer_isim_beh.exe
     -simmode  gui
     -simrunnum  0
     -socket  64076

Mon Jun 18 14:17:30 2018


 Elaboration Time: 0.09375 sec

 Current Memory Usage: 1038.23 Meg

 Total Signals          : 27
 Total Nets             : 188
 Total Signal Drivers   : 33
 Total Blocks           : 31
 Total Primitive Blocks : 29
 Total Processes        : 30
 Total Traceable Variables  : 41
 Total Scalar Nets and Variables : 699
Total Line Count : 134
Total Line Count : 134

 Total Simulation Time: 0.15625 sec

 Current Memory Usage: 1039.28 Meg

Mon Jun 18 14:17:52 2018

