Command line:
   TB_Register_File_isim_beh.exe
     -simmode  gui
     -simrunnum  0
     -socket  53851

Fri Jun 29 11:56:25 2018


 Elaboration Time: 0.1875 sec

 Current Memory Usage: 866.181 Meg

 Total Signals          : 500
 Total Nets             : 65798
 Total Signal Drivers   : 124
 Total Blocks           : 570
 Total Primitive Blocks : 368
 Total Processes        : 116
 Total Traceable Variables  : 552
 Total Scalar Nets and Variables : 67250
Total Line Count : 410
Total Line Count : 410

 Total Simulation Time: 0.375 sec

 Current Memory Usage: 709.681 Meg

Fri Jun 29 11:57:43 2018

