Release 14.7 - xst P.20131013 (nt)
Copyright (c) 1995-2013 Xilinx, Inc.  All rights reserved.
--> Parameter TMPDIR set to xst/projnav.tmp


Total REAL time to Xst completion: 0.00 secs
Total CPU time to Xst completion: 0.17 secs
 
--> Parameter xsthdpdir set to xst


Total REAL time to Xst completion: 0.00 secs
Total CPU time to Xst completion: 0.17 secs
 
--> Reading design: WriteBack_Stage.prj

TABLE OF CONTENTS
  1) Synthesis Options Summary
  2) HDL Parsing
  3) HDL Elaboration
  4) HDL Synthesis
       4.1) HDL Synthesis Report
  5) Advanced HDL Synthesis
       5.1) Advanced HDL Synthesis Report
  6) Low Level Synthesis
  7) Partition Report
  8) Design Summary
       8.1) Primitive and Black Box Usage
       8.2) Device utilization summary
       8.3) Partition Resource Summary
       8.4) Timing Report
            8.4.1) Clock Information
            8.4.2) Asynchronous Control Signals Information
            8.4.3) Timing Summary
            8.4.4) Timing Details
            8.4.5) Cross Clock Domains Report


=========================================================================
*                      Synthesis Options Summary                        *
=========================================================================
---- Source Parameters
Input File Name                    : "WriteBack_Stage.prj"
Ignore Synthesis Constraint File   : NO

---- Target Parameters
Output File Name                   : "WriteBack_Stage"
Output Format                      : NGC
Target Device                      : xc7a100t-3-csg324

---- Source Options
Top Module Name                    : WriteBack_Stage
Automatic FSM Extraction           : YES
FSM Encoding Algorithm             : Auto
Safe Implementation                : No
FSM Style                          : LUT
RAM Extraction                     : Yes
RAM Style                          : Auto
ROM Extraction                     : Yes
Shift Register Extraction          : YES
ROM Style                          : Auto
Resource Sharing                   : YES
Asynchronous To Synchronous        : NO
Shift Register Minimum Size        : 2
Use DSP Block                      : Auto
Automatic Register Balancing       : No

---- Target Options
LUT Combining                      : Auto
Reduce Control Sets                : Auto
Add IO Buffers                     : YES
Global Maximum Fanout              : 100000
Add Generic Clock Buffer(BUFG)     : 32
Register Duplication               : YES
Optimize Instantiated Primitives   : NO
Use Clock Enable                   : Auto
Use Synchronous Set                : Auto
Use Synchronous Reset              : Auto
Pack IO Registers into IOBs        : Auto
Equivalent register Removal        : YES

---- General Options
Optimization Goal                  : Speed
Optimization Effort                : 1
Power Reduction                    : NO
Keep Hierarchy                     : No
Netlist Hierarchy                  : As_Optimized
RTL Output                         : Yes
Global Optimization                : AllClockNets
Read Cores                         : YES
Write Timing Constraints           : NO
Cross Clock Analysis               : NO
Hierarchy Separator                : /
Bus Delimiter                      : <>
Case Specifier                     : Maintain
Slice Utilization Ratio            : 100
BRAM Utilization Ratio             : 100
DSP48 Utilization Ratio            : 100
Auto BRAM Packing                  : NO
Slice Utilization Ratio Delta      : 5

=========================================================================


=========================================================================
*                          HDL Parsing                                  *
=========================================================================
Parsing VHDL file "C:\Users\UTENTE\Desktop\Politecnico di Torino\Laurea Magistrale\I Anno\Microelectronic Systems\DLX\MyDLX\WriteBack_Stage\Mux_NBit_2x1.vhd" into library work
Parsing entity <Mux_NBit_2x1>.
Parsing architecture <Behavioral> of entity <mux_nbit_2x1>.
Parsing VHDL file "C:\Users\UTENTE\Desktop\Politecnico di Torino\Laurea Magistrale\I Anno\Microelectronic Systems\DLX\MyDLX\WriteBack_Stage\Mux_1Bit_2X1.vhd" into library work
Parsing entity <Mux_1Bit_2X1>.
Parsing architecture <Behavioral> of entity <mux_1bit_2x1>.
Parsing VHDL file "C:\Users\UTENTE\Desktop\Politecnico di Torino\Laurea Magistrale\I Anno\Microelectronic Systems\DLX\MyDLX\WriteBack_Stage\Sign_Reducer.vhd" into library work
Parsing entity <Sign_Reducer>.
Parsing architecture <Structural> of entity <sign_reducer>.
Parsing VHDL file "C:\Users\UTENTE\Desktop\Politecnico di Torino\Laurea Magistrale\I Anno\Microelectronic Systems\DLX\MyDLX\WriteBack_Stage\WriteBack_Stage.vhd" into library work
Parsing entity <WriteBack_Stage>.
Parsing architecture <Structural> of entity <writeback_stage>.

=========================================================================
*                            HDL Elaboration                            *
=========================================================================

Elaborating entity <WriteBack_Stage> (architecture <Structural>) with generics from library <work>.

Elaborating entity <Mux_NBit_2x1> (architecture <Behavioral>) with generics from library <work>.

Elaborating entity <Sign_Reducer> (architecture <Structural>) with generics from library <work>.

Elaborating entity <Mux_1Bit_2X1> (architecture <Behavioral>) from library <work>.

=========================================================================
*                           HDL Synthesis                               *
=========================================================================

Synthesizing Unit <WriteBack_Stage>.
    Related source file is "C:\Users\UTENTE\Desktop\Politecnico di Torino\Laurea Magistrale\I Anno\Microelectronic Systems\DLX\MyDLX\WriteBack_Stage\WriteBack_Stage.vhd".
        NBIT_DATA = 32
    Summary:
	no macro.
Unit <WriteBack_Stage> synthesized.

Synthesizing Unit <Mux_NBit_2x1>.
    Related source file is "C:\Users\UTENTE\Desktop\Politecnico di Torino\Laurea Magistrale\I Anno\Microelectronic Systems\DLX\MyDLX\WriteBack_Stage\Mux_NBit_2x1.vhd".
        NBIT_IN = 32
    Summary:
	inferred   1 Multiplexer(s).
Unit <Mux_NBit_2x1> synthesized.

Synthesizing Unit <Sign_Reducer>.
    Related source file is "C:\Users\UTENTE\Desktop\Politecnico di Torino\Laurea Magistrale\I Anno\Microelectronic Systems\DLX\MyDLX\WriteBack_Stage\Sign_Reducer.vhd".
        NBIT_data = 32
    Summary:
	no macro.
Unit <Sign_Reducer> synthesized.

Synthesizing Unit <Mux_1Bit_2X1>.
    Related source file is "C:\Users\UTENTE\Desktop\Politecnico di Torino\Laurea Magistrale\I Anno\Microelectronic Systems\DLX\MyDLX\WriteBack_Stage\Mux_1Bit_2X1.vhd".
    Summary:
	inferred   1 Multiplexer(s).
Unit <Mux_1Bit_2X1> synthesized.

=========================================================================
HDL Synthesis Report

Macro Statistics
# Multiplexers                                         : 4
 1-bit 2-to-1 multiplexer                              : 1
 32-bit 2-to-1 multiplexer                             : 3

=========================================================================

=========================================================================
*                       Advanced HDL Synthesis                          *
=========================================================================


=========================================================================
Advanced HDL Synthesis Report

Macro Statistics
# Multiplexers                                         : 3
 32-bit 2-to-1 multiplexer                             : 3

=========================================================================

=========================================================================
*                         Low Level Synthesis                           *
=========================================================================

Optimizing unit <WriteBack_Stage> ...

Mapping all equations...
Building and optimizing final netlist ...
Found area constraint ratio of 100 (+ 5) on block WriteBack_Stage, actual ratio is 0.

Final Macro Processing ...

=========================================================================
Final Register Report

Found no macro
=========================================================================

=========================================================================
*                           Partition Report                            *
=========================================================================

Partition Implementation Status
-------------------------------

  No Partitions were found in this design.

-------------------------------

=========================================================================
*                            Design Summary                             *
=========================================================================

Top Level Output File Name         : WriteBack_Stage.ngc

Primitive and Black Box Usage:
------------------------------
# BELS                             : 35
#      LUT2                        : 1
#      LUT3                        : 8
#      LUT5                        : 16
#      LUT6                        : 10
# IO Buffers                       : 100
#      IBUF                        : 68
#      OBUF                        : 32

Device utilization summary:
---------------------------

Selected Device : 7a100tcsg324-3 


Slice Logic Utilization: 
 Number of Slice LUTs:                   35  out of  63400     0%  
    Number used as Logic:                35  out of  63400     0%  

Slice Logic Distribution: 
 Number of LUT Flip Flop pairs used:     35
   Number with an unused Flip Flop:      35  out of     35   100%  
   Number with an unused LUT:             0  out of     35     0%  
   Number of fully used LUT-FF pairs:     0  out of     35     0%  
   Number of unique control sets:         0

IO Utilization: 
 Number of IOs:                         100
 Number of bonded IOBs:                 100  out of    210    47%  

Specific Feature Utilization:

---------------------------
Partition Resource Summary:
---------------------------

  No Partitions were found in this design.

---------------------------


=========================================================================
Timing Report

NOTE: THESE TIMING NUMBERS ARE ONLY A SYNTHESIS ESTIMATE.
      FOR ACCURATE TIMING INFORMATION PLEASE REFER TO THE TRACE REPORT
      GENERATED AFTER PLACE-and-ROUTE.

Clock Information:
------------------
No clock signals found in this design

Asynchronous Control Signals Information:
----------------------------------------
No asynchronous control signals found in this design

Timing Summary:
---------------
Speed Grade: -3

   Minimum period: No path found
   Minimum input arrival time before clock: No path found
   Maximum output required time after clock: No path found
   Maximum combinational path delay: 2.114ns

Timing Details:
---------------
All values displayed in nanoseconds (ns)

=========================================================================
Timing constraint: Default path analysis
  Total number of paths / destination ports: 320 / 32
-------------------------------------------------------------------------
Delay:               2.114ns (Levels of Logic = 5)
  Source:            WB_reduce (PAD)
  Destination:       WB_out<31> (PAD)

  Data Path: WB_reduce to WB_out<31>
                                Gate     Net
    Cell:in->out      fanout   Delay   Delay  Logical Name (Net Name)
    ----------------------------------------  ------------
     IBUF:I->O            26   0.001   0.485  WB_reduce_IBUF (WB_reduce_IBUF)
     LUT2:I0->O            1   0.097   0.693  WB_SGB/MUX_OUT/Mmux_portY102_SW0 (N2)
     LUT6:I0->O           16   0.097   0.364  WB_SGB/MUX_OUT/Mmux_portY102 (WB_SGB/MUX_OUT/Mmux_portY102)
     LUT5:I4->O            1   0.097   0.279  WB_SGB/MUX_OUT/Mmux_portY101 (WB_out_19_OBUF)
     OBUF:I->O                 0.000          WB_out_19_OBUF (WB_out<19>)
    ----------------------------------------
    Total                      2.114ns (0.292ns logic, 1.822ns route)
                                       (13.8% logic, 86.2% route)

=========================================================================

Cross Clock Domains Report:
--------------------------

=========================================================================


Total REAL time to Xst completion: 16.00 secs
Total CPU time to Xst completion: 15.97 secs
 
--> 

Total memory usage is 407024 kilobytes

Number of errors   :    0 (   0 filtered)
Number of warnings :    0 (   0 filtered)
Number of infos    :    0 (   0 filtered)

