Command line:
   TB_NCarrySelectAdder_isim_beh.exe
     -simmode  gui
     -simrunnum  0
     -socket  52910

Sat Oct 07 13:05:40 2017


 Elaboration Time: 0.09375 sec

 Current Memory Usage: 851.493 Meg

 Total Signals          : 627
 Total Nets             : 346
 Total Signal Drivers   : 227
 Total Blocks           : 204
 Total Primitive Blocks : 82
 Total Processes        : 225
 Total Traceable Variables  : 120
 Total Scalar Nets and Variables : 936
Total Line Count : 329

 Total Simulation Time: 0.40625 sec

 Current Memory Usage: 693.944 Meg

Sat Oct 07 13:06:39 2017

