Command line:
   TB_Comparison_Logic_isim_beh.exe
     -simmode  gui
     -simrunnum  0
     -socket  52529

Tue May 08 12:00:38 2018


 Elaboration Time: 0.078125 sec

 Current Memory Usage: 1043.09 Meg

 Total Signals          : 56
 Total Nets             : 787
 Total Signal Drivers   : 368
 Total Blocks           : 530
 Total Primitive Blocks : 421
 Total Processes        : 366
 Total Traceable Variables  : 467
 Total Scalar Nets and Variables : 1806
Total Line Count : 433
Total Line Count : 433

 Total Simulation Time: 1.15625 sec

 Current Memory Usage: 885.539 Meg

Tue May 08 12:03:48 2018

