Command line:
   TB_ALU_isim_beh.exe
     -simmode  gui
     -simrunnum  0
     -socket  57840

Mon May 14 12:58:11 2018


 Elaboration Time: 0.15625 sec

 Current Memory Usage: 1040.64 Meg

 Total Signals          : 723
 Total Nets             : 2210
 Total Signal Drivers   : 659
 Total Blocks           : 863
 Total Primitive Blocks : 566
 Total Processes        : 655
 Total Traceable Variables  : 712
 Total Scalar Nets and Variables : 3521
Total Line Count : 759
Total Line Count : 759

 Total Simulation Time: 0.828125 sec

 Current Memory Usage: 1041.69 Meg

Mon May 14 13:04:17 2018

